
RAxML-NG v. 0.9.0 released on 20.05.2019 by The Exelixis Lab.
Developed by: Alexey M. Kozlov and Alexandros Stamatakis.
Contributors: Diego Darriba, Tomas Flouri, Benoit Morel, Sarah Lutteropp, Ben Bettisworth.
Latest version: https://github.com/amkozlov/raxml-ng
Questions/problems/suggestions? Please visit: https://groups.google.com/forum/#!forum/raxml

RAxML-NG was called at 31-Jul-2019 16:27:22 as follows:

/projects/tallis/reu2019/software/raxml-ng-0.9.0/raxml-ng --msa /projects/tallis/aditikg2/tutorials/aditikg2_project/output/indelible_out/Scincella/Scincella_636.phylip.raxml_TRUE.phy --model GTR+G --threads 1 --prefix /projects/tallis/aditikg2/tutorials/aditikg2_project/output/sim_raxml_out/Scincella/Scincella_636.phylip.raxml_TRUE.phy --redo

Analysis options:
  run mode: ML tree search
  start tree(s): random (10) + parsimony (10)
  random seed: 1564608442
  tip-inner: OFF
  pattern compression: ON
  per-rate scalers: OFF
  site repeats: ON
  fast spr radius: AUTO
  spr subtree cutoff: 1.000000
  branch lengths: proportional (ML estimate, algorithm: NR-FAST)
  SIMD kernels: AVX
  parallelization: NONE/sequential

WARNING: Running in REDO mode: existing checkpoints are ignored, and all result files will be overwritten!

[00:00:00] Reading alignment from file: /projects/tallis/aditikg2/tutorials/aditikg2_project/output/indelible_out/Scincella/Scincella_636.phylip.raxml_TRUE.phy
[00:00:00] Loaded alignment with 161 taxa and 1000 sites

WARNING: Sequences 479devTXb1 and 477devTXb1 are exactly identical!
WARNING: Sequences 479devTXb1 and 278devTXa1 are exactly identical!
WARNING: Sequences 479devTXb1 and 278devTXb1 are exactly identical!
WARNING: Sequences 235guaTXb1 and 287crkMSa2 are exactly identical!
WARNING: Sequences 235guaTXb1 and 339delMSb2 are exactly identical!
WARNING: Sequences 235guaTXb1 and 146trlMOa2 are exactly identical!
WARNING: Sequences 235guaTXb1 and 168helnLa2 are exactly identical!
WARNING: Sequences 235guaTXb1 and 182colTXb1 are exactly identical!
WARNING: Sequences 235guaTXb1 and 181guaTXb1 are exactly identical!
WARNING: Sequences 235guaTXb1 and 355ftpTXa2 are exactly identical!
WARNING: Sequences 235guaTXb1 and 478devTXa1 are exactly identical!
WARNING: Sequences 235guaTXb1 and 353bonTXa2 are exactly identical!
WARNING: Sequences 235guaTXb1 and 339delMSa2 are exactly identical!
WARNING: Sequences 235guaTXb1 and 276pedTXa1 are exactly identical!
WARNING: Sequences 235guaTXb1 and 360palTXa1 are exactly identical!
WARNING: Sequences 235guaTXb1 and 195ticLAa2 are exactly identical!
WARNING: Sequences 235guaTXb1 and 477devTXa1 are exactly identical!
WARNING: Sequences 235guaTXb1 and 285steTXa1 are exactly identical!
WARNING: Sequences 235guaTXb1 and 366losTXb1 are exactly identical!
WARNING: Sequences 235guaTXb1 and 365losTXa1 are exactly identical!
WARNING: Sequences 235guaTXb1 and 181guaTXa1 are exactly identical!
WARNING: Sequences 235guaTXb1 and 377barTXa1 are exactly identical!
WARNING: Sequences 235guaTXb1 and 276pedTXb1 are exactly identical!
WARNING: Sequences 235guaTXb1 and 182colTXa1 are exactly identical!
WARNING: Sequences 235guaTXb1 and 364losTXa1 are exactly identical!
WARNING: Sequences 235guaTXb1 and 064smiTXa2 are exactly identical!
WARNING: Sequences 235guaTXb1 and 235guaTXa1 are exactly identical!
WARNING: Sequences 235guaTXb1 and 366losTXa1 are exactly identical!
WARNING: Sequences 235guaTXb1 and 431hamLAa2 are exactly identical!
WARNING: Sequences 235guaTXb1 and 274ochARa2 are exactly identical!
WARNING: Sequences 235guaTXb1 and 277pedTXb1 are exactly identical!
WARNING: Sequences 235guaTXb1 and 174benMOa2 are exactly identical!
WARNING: Sequences 235guaTXb1 and 064smiTXb2 are exactly identical!
WARNING: Sequences 235guaTXb1 and 361palTXa1 are exactly identical!
WARNING: Sequences 235guaTXb1 and 455htwFLa3 are exactly identical!
WARNING: Sequences 235guaTXb1 and 174benMOb2 are exactly identical!
WARNING: Sequences 235guaTXb1 and 179palTXa1 are exactly identical!
WARNING: Sequences 235guaTXb1 and 361palTXb1 are exactly identical!
WARNING: Sequences 235guaTXb1 and 360palTXb1 are exactly identical!
WARNING: Sequences 235guaTXb1 and 347grnOKa2 are exactly identical!
WARNING: Sequences 235guaTXb1 and 187leeLAa2 are exactly identical!
WARNING: Sequences 235guaTXb1 and 168helnLb2 are exactly identical!
WARNING: Sequences 235guaTXb1 and 081devTXa1 are exactly identical!
WARNING: Sequences 235guaTXb1 and 377barTXb1 are exactly identical!
WARNING: Sequences 235guaTXb1 and 075oscFLa3 are exactly identical!
WARNING: Sequences 235guaTXb1 and 277pedTXa1 are exactly identical!
WARNING: Sequences 235guaTXb1 and 337ozkARa2 are exactly identical!
WARNING: Sequences 235guaTXb1 and 180losTXa1 are exactly identical!
WARNING: Sequences 235guaTXb1 and 458menTXa1 are exactly identical!
WARNING: Sequences 458menTXb1 and 478devTXb1 are exactly identical!
WARNING: Sequences 458menTXb1 and 081devTXb1 are exactly identical!
WARNING: Sequences 364losTXb1 and 479devTXa1 are exactly identical!
WARNING: Sequences 446cavFLa3 and 301blyALa3 are exactly identical!
WARNING: Sequences 376sabTXa1 and 284steTXa1 are exactly identical!
WARNING: Sequences 143penKYa3 and 143penKYb3 are exactly identical!
WARNING: Sequences 143penKYa3 and 115hoopLa2 are exactly identical!
WARNING: Sequences 143penKYa3 and 338delMSa2 are exactly identical!
WARNING: Sequences 295ponFLa3 and 270disVAa3 are exactly identical!
WARNING: Sequences 295ponFLa3 and 137lurALb3 are exactly identical!
WARNING: Sequences 295ponFLa3 and 444escALa3 are exactly identical!
WARNING: Sequences 295ponFLa3 and 266warSCb3 are exactly identical!
WARNING: Sequences 295ponFLa3 and 305desMSb3 are exactly identical!
WARNING: Sequences 295ponFLa3 and 187leeLAb2 are exactly identical!
WARNING: Sequences 295ponFLa3 and 267wacNCa3 are exactly identical!
WARNING: Sequences 295ponFLa3 and 443escALa3 are exactly identical!
WARNING: Sequences 295ponFLa3 and 326penKYa3 are exactly identical!
WARNING: Sequences 295ponFLa3 and 305desMSa3 are exactly identical!
WARNING: Sequences 295ponFLa3 and 130chwALa3 are exactly identical!
WARNING: Sequences 295ponFLa3 and 391escALa3 are exactly identical!
WARNING: Sequences 295ponFLa3 and 284steTXb1 are exactly identical!
WARNING: Sequences 295ponFLa3 and 311oakALb3 are exactly identical!
WARNING: Sequences 295ponFLa3 and 267wacNCb3 are exactly identical!
WARNING: Sequences 295ponFLa3 and 115hoopLb2 are exactly identical!
WARNING: Sequences 295ponFLa3 and 311oakALa3 are exactly identical!
WARNING: Sequences 295ponFLa3 and 328lanKYb3 are exactly identical!
WARNING: Sequences 295ponFLa3 and 481escALa3 are exactly identical!
WARNING: Sequences 295ponFLa3 and 142rocTNa3 are exactly identical!
WARNING: Sequences 295ponFLa3 and 481escALb3 are exactly identical!
WARNING: Sequences 295ponFLa3 and 286crkMSa2 are exactly identical!
WARNING: Sequences 295ponFLa3 and 211natTNa2 are exactly identical!
WARNING: Sequences 295ponFLa3 and 266warSCa3 are exactly identical!
WARNING: Sequences 295ponFLa3 and 312oakALa3 are exactly identical!
WARNING: Sequences 295ponFLa3 and 443escALb3 are exactly identical!
WARNING: Sequences 169helnLa2 and 338delMSb2 are exactly identical!
WARNING: Sequences 312oakALb3 and 142rocTNb3 are exactly identical!
WARNING: Sequences 312oakALb3 and 330rauILb3 are exactly identical!
WARNING: Sequences 312oakALb3 and 330rauILa3 are exactly identical!
WARNING: Sequences 308lurALa3 and 068choMSa2 are exactly identical!
WARNING: Sequences 308lurALa3 and 128okaFLa3 are exactly identical!
WARNING: Sequences 308lurALa3 and 130chwALb3 are exactly identical!
WARNING: Sequences 308lurALa3 and 328lanKYa3 are exactly identical!
WARNING: Sequences 288chwALb3 and 288chwALa3 are exactly identical!
WARNING: Sequences 298blkFLa3 and 298blkFLb3 are exactly identical!
WARNING: Sequences 298blkFLa3 and 301blyALb3 are exactly identical!
WARNING: Sequences 298blkFLa3 and 128okaFLb3 are exactly identical!
WARNING: Sequences 068choMSb2 and 451dedFLa3 are exactly identical!
WARNING: Sequences 068choMSb2 and 388indLAa2 are exactly identical!
WARNING: Sequences 068choMSb2 and 102helnLa2 are exactly identical!
WARNING: Sequences 068choMSb2 and 450dedFLb3 are exactly identical!
WARNING: Sequences 068choMSb2 and 195ticLAb2 are exactly identical!
WARNING: Sequences 068choMSb2 and 393dedFLa3 are exactly identical!
WARNING: Sequences 247holMSb2 and 380granLb2 are exactly identical!
WARNING: Sequences 247holMSb2 and 388indLAb2 are exactly identical!
WARNING: Sequences 247holMSb2 and 287crkMSb2 are exactly identical!
WARNING: Sequences 247holMSb2 and 337ozkARb2 are exactly identical!
WARNING: Sequences 247holMSb2 and 384yogLAb2 are exactly identical!
WARNING: Sequences 247holMSb2 and 095maryLb2 are exactly identical!
WARNING: Sequences 247holMSb2 and 211natTNb2 are exactly identical!
WARNING: Sequences 247holMSb2 and 404amitLa2 are exactly identical!
WARNING: Sequences 247holMSb2 and 102helnLb2 are exactly identical!
WARNING: Sequences 247holMSb2 and 384yogLAa2 are exactly identical!
WARNING: Sequences 247holMSb2 and 167helnLb2 are exactly identical!
WARNING: Sequences 247holMSb2 and 247holMSa2 are exactly identical!
WARNING: Sequences 247holMSb2 and 095maryLa2 are exactly identical!
WARNING: Sequences 247holMSb2 and 169helnLb2 are exactly identical!
WARNING: Sequences 247holMSb2 and 137lurALa3 are exactly identical!
WARNING: Sequences 247holMSb2 and 286crkMSb2 are exactly identical!
WARNING: Sequences 247holMSb2 and 274ochARb2 are exactly identical!
WARNING: Sequences 431hamLAb2 and 380granLa2 are exactly identical!
WARNING: Sequences 146trlMOb2 and 326penKYb3 are exactly identical!
WARNING: Sequences 146trlMOb2 and 308lurALb3 are exactly identical!
WARNING: Sequences 103cofFLa3 and 455htwFLb3 are exactly identical!
WARNING: Duplicate sequences found: 122

NOTE: Reduced alignment (with duplicates and gap-only sites/taxa removed) 
NOTE: was saved to: /projects/tallis/aditikg2/tutorials/aditikg2_project/output/sim_raxml_out/Scincella/Scincella_636.phylip.raxml_TRUE.phy.raxml.reduced.phy

Alignment comprises 1 partitions and 120 patterns

Partition 0: noname
Model: GTR+FO+G4m
Alignment sites / patterns: 1000 / 120
Gaps: 0.00 %
Invariant sites: 84.20 %


NOTE: Binary MSA file created: /projects/tallis/aditikg2/tutorials/aditikg2_project/output/sim_raxml_out/Scincella/Scincella_636.phylip.raxml_TRUE.phy.raxml.rba

[00:00:00] Generating 10 random starting tree(s) with 161 taxa
[00:00:00] Generating 10 parsimony starting tree(s) with 161 taxa
[00:00:00] Data distribution: max. partitions/sites/weight per thread: 1 / 120 / 1920

Starting ML tree search with 20 distinct starting trees

[00:00:00 -11805.865840] Initial branch length optimization
[00:00:00 -7846.904250] Model parameter optimization (eps = 10.000000)
[00:00:00 -5644.201759] AUTODETECT spr round 1 (radius: 5)
[00:00:01 -4109.325160] AUTODETECT spr round 2 (radius: 10)
[00:00:01 -3163.128884] AUTODETECT spr round 3 (radius: 15)
[00:00:02 -2955.929753] AUTODETECT spr round 4 (radius: 20)
[00:00:03 -2934.697361] AUTODETECT spr round 5 (radius: 25)
[00:00:03 -2934.697258] SPR radius for FAST iterations: 20 (autodetect)
[00:00:03 -2934.697258] Model parameter optimization (eps = 3.000000)
[00:00:03 -2907.720897] FAST spr round 1 (radius: 20)
[00:00:04 -2822.891069] FAST spr round 2 (radius: 20)
[00:00:05 -2822.891069] Model parameter optimization (eps = 1.000000)
[00:00:05 -2822.721416] SLOW spr round 1 (radius: 5)
[00:00:06 -2822.721382] SLOW spr round 2 (radius: 10)
[00:00:07 -2822.721382] SLOW spr round 3 (radius: 15)
[00:00:08 -2822.721382] SLOW spr round 4 (radius: 20)
[00:00:09 -2821.586921] SLOW spr round 5 (radius: 5)
[00:00:10 -2821.586921] SLOW spr round 6 (radius: 10)
[00:00:11 -2821.586921] SLOW spr round 7 (radius: 15)
[00:00:13 -2821.586921] SLOW spr round 8 (radius: 20)
[00:00:14 -2821.586921] SLOW spr round 9 (radius: 25)
[00:00:15 -2821.586921] Model parameter optimization (eps = 0.100000)

[00:00:15] ML tree search #1, logLikelihood: -2821.578220

[00:00:15 -11305.539024] Initial branch length optimization
[00:00:15 -6838.467998] Model parameter optimization (eps = 10.000000)
[00:00:16 -5172.832408] AUTODETECT spr round 1 (radius: 5)
[00:00:16 -3984.664802] AUTODETECT spr round 2 (radius: 10)
[00:00:16 -3304.867011] AUTODETECT spr round 3 (radius: 15)
[00:00:17 -3185.102673] AUTODETECT spr round 4 (radius: 20)
[00:00:18 -3098.478724] AUTODETECT spr round 5 (radius: 25)
[00:00:18 -3098.478169] SPR radius for FAST iterations: 20 (autodetect)
[00:00:18 -3098.478169] Model parameter optimization (eps = 3.000000)
[00:00:18 -3078.758467] FAST spr round 1 (radius: 20)
[00:00:19 -2822.795655] FAST spr round 2 (radius: 20)
[00:00:20 -2822.795655] Model parameter optimization (eps = 1.000000)
[00:00:20 -2822.599849] SLOW spr round 1 (radius: 5)
[00:00:21 -2821.460151] SLOW spr round 2 (radius: 5)
[00:00:22 -2821.460151] SLOW spr round 3 (radius: 10)
[00:00:23 -2821.460151] SLOW spr round 4 (radius: 15)
[00:00:24 -2821.460151] SLOW spr round 5 (radius: 20)
[00:00:25 -2821.460151] SLOW spr round 6 (radius: 25)
[00:00:26 -2821.460151] Model parameter optimization (eps = 0.100000)

[00:00:26] ML tree search #2, logLikelihood: -2821.453175

[00:00:26 -11646.207619] Initial branch length optimization
[00:00:26 -7549.378032] Model parameter optimization (eps = 10.000000)
[00:00:27 -5472.578022] AUTODETECT spr round 1 (radius: 5)
[00:00:27 -3987.009153] AUTODETECT spr round 2 (radius: 10)
[00:00:28 -3281.978380] AUTODETECT spr round 3 (radius: 15)
[00:00:28 -3069.843937] AUTODETECT spr round 4 (radius: 20)
[00:00:29 -2995.415657] AUTODETECT spr round 5 (radius: 25)
[00:00:29 -2956.427312] SPR radius for FAST iterations: 25 (autodetect)
[00:00:29 -2956.427312] Model parameter optimization (eps = 3.000000)
[00:00:30 -2930.894765] FAST spr round 1 (radius: 25)
[00:00:30 -2823.059775] FAST spr round 2 (radius: 25)
[00:00:31 -2823.059773] Model parameter optimization (eps = 1.000000)
[00:00:31 -2822.700299] SLOW spr round 1 (radius: 5)
[00:00:32 -2822.700266] SLOW spr round 2 (radius: 10)
[00:00:33 -2822.700266] SLOW spr round 3 (radius: 15)
[00:00:34 -2821.563664] SLOW spr round 4 (radius: 5)
[00:00:35 -2821.563662] SLOW spr round 5 (radius: 10)
[00:00:36 -2821.563662] SLOW spr round 6 (radius: 15)
[00:00:37 -2821.563662] SLOW spr round 7 (radius: 20)
[00:00:38 -2821.563662] SLOW spr round 8 (radius: 25)
[00:00:39 -2821.563662] Model parameter optimization (eps = 0.100000)

[00:00:39] ML tree search #3, logLikelihood: -2821.555402

[00:00:39 -11748.308268] Initial branch length optimization
[00:00:39 -7824.598876] Model parameter optimization (eps = 10.000000)
[00:00:40 -5586.777385] AUTODETECT spr round 1 (radius: 5)
[00:00:40 -3859.800914] AUTODETECT spr round 2 (radius: 10)
[00:00:41 -3338.203753] AUTODETECT spr round 3 (radius: 15)
[00:00:41 -3063.816154] AUTODETECT spr round 4 (radius: 20)
[00:00:42 -2988.316246] AUTODETECT spr round 5 (radius: 25)
[00:00:42 -2985.734529] SPR radius for FAST iterations: 25 (autodetect)
[00:00:42 -2985.734529] Model parameter optimization (eps = 3.000000)
[00:00:42 -2959.841631] FAST spr round 1 (radius: 25)
[00:00:43 -2833.255305] FAST spr round 2 (radius: 25)
[00:00:44 -2833.255302] Model parameter optimization (eps = 1.000000)
[00:00:44 -2833.185300] SLOW spr round 1 (radius: 5)
[00:00:45 -2833.185299] SLOW spr round 2 (radius: 10)
[00:00:46 -2833.185299] SLOW spr round 3 (radius: 15)
[00:00:47 -2833.185299] SLOW spr round 4 (radius: 20)
[00:00:48 -2833.185299] SLOW spr round 5 (radius: 25)
[00:00:49 -2833.185299] Model parameter optimization (eps = 0.100000)

[00:00:49] ML tree search #4, logLikelihood: -2833.183289

[00:00:49 -11819.640899] Initial branch length optimization
[00:00:49 -7839.577818] Model parameter optimization (eps = 10.000000)
[00:00:49 -5591.916162] AUTODETECT spr round 1 (radius: 5)
[00:00:50 -4106.608804] AUTODETECT spr round 2 (radius: 10)
[00:00:50 -3368.286741] AUTODETECT spr round 3 (radius: 15)
[00:00:51 -3137.462600] AUTODETECT spr round 4 (radius: 20)
[00:00:51 -3083.331117] AUTODETECT spr round 5 (radius: 25)
[00:00:52 -3038.333801] SPR radius for FAST iterations: 25 (autodetect)
[00:00:52 -3038.333801] Model parameter optimization (eps = 3.000000)
[00:00:52 -3013.001307] FAST spr round 1 (radius: 25)
[00:00:53 -2823.249812] FAST spr round 2 (radius: 25)
[00:00:53 -2823.249812] Model parameter optimization (eps = 1.000000)
[00:00:53 -2822.749107] SLOW spr round 1 (radius: 5)
[00:00:54 -2822.749105] SLOW spr round 2 (radius: 10)
[00:00:56 -2821.616779] SLOW spr round 3 (radius: 5)
[00:00:57 -2821.616779] SLOW spr round 4 (radius: 10)
[00:00:58 -2821.616779] SLOW spr round 5 (radius: 15)
[00:00:59 -2821.616779] SLOW spr round 6 (radius: 20)
[00:01:00 -2821.616779] SLOW spr round 7 (radius: 25)
[00:01:01 -2821.616779] Model parameter optimization (eps = 0.100000)

[00:01:01] ML tree search #5, logLikelihood: -2821.600777

[00:01:01 -11785.353965] Initial branch length optimization
[00:01:01 -7679.051754] Model parameter optimization (eps = 10.000000)
[00:01:02 -5509.602872] AUTODETECT spr round 1 (radius: 5)
[00:01:02 -3869.894916] AUTODETECT spr round 2 (radius: 10)
[00:01:02 -3232.452208] AUTODETECT spr round 3 (radius: 15)
[00:01:03 -2805.329975] AUTODETECT spr round 4 (radius: 20)
[00:01:04 -2705.675534] AUTODETECT spr round 5 (radius: 25)
[00:01:04 -2686.448650] SPR radius for FAST iterations: 25 (autodetect)
[00:01:04 -2686.448650] Model parameter optimization (eps = 3.000000)
[00:01:04 -2652.331977] FAST spr round 1 (radius: 25)
[00:01:05 -2525.714223] FAST spr round 2 (radius: 25)
[00:01:06 -2525.714115] Model parameter optimization (eps = 1.000000)
[00:01:06 -2518.098290] SLOW spr round 1 (radius: 5)
[00:01:07 -2518.098280] SLOW spr round 2 (radius: 10)
[00:01:08 -2518.098272] SLOW spr round 3 (radius: 15)
[00:01:09 -2518.098272] SLOW spr round 4 (radius: 20)
[00:01:10 -2518.098269] SLOW spr round 5 (radius: 25)
[00:01:11 -2518.098269] Model parameter optimization (eps = 0.100000)

[00:01:11] ML tree search #6, logLikelihood: -2518.098181

[00:01:11 -11788.947917] Initial branch length optimization
[00:01:11 -7895.785302] Model parameter optimization (eps = 10.000000)
[00:01:11 -5619.406545] AUTODETECT spr round 1 (radius: 5)
[00:01:12 -3979.705441] AUTODETECT spr round 2 (radius: 10)
[00:01:12 -3419.564517] AUTODETECT spr round 3 (radius: 15)
[00:01:13 -3171.431319] AUTODETECT spr round 4 (radius: 20)
[00:01:13 -2995.579143] AUTODETECT spr round 5 (radius: 25)
[00:01:14 -2995.579129] SPR radius for FAST iterations: 20 (autodetect)
[00:01:14 -2995.579129] Model parameter optimization (eps = 3.000000)
[00:01:14 -2968.956706] FAST spr round 1 (radius: 20)
[00:01:15 -2823.019001] FAST spr round 2 (radius: 20)
[00:01:15 -2823.018999] Model parameter optimization (eps = 1.000000)
[00:01:16 -2822.751313] SLOW spr round 1 (radius: 5)
[00:01:16 -2822.751313] SLOW spr round 2 (radius: 10)
[00:01:18 -2822.751313] SLOW spr round 3 (radius: 15)
[00:01:19 -2821.618724] SLOW spr round 4 (radius: 5)
[00:01:20 -2821.618724] SLOW spr round 5 (radius: 10)
[00:01:21 -2821.618724] SLOW spr round 6 (radius: 15)
[00:01:22 -2821.618724] SLOW spr round 7 (radius: 20)
[00:01:23 -2821.618724] SLOW spr round 8 (radius: 25)
[00:01:24 -2821.618724] Model parameter optimization (eps = 0.100000)

[00:01:24] ML tree search #7, logLikelihood: -2821.609337

[00:01:24 -11949.429431] Initial branch length optimization
[00:01:24 -8042.708297] Model parameter optimization (eps = 10.000000)
[00:01:25 -5709.340780] AUTODETECT spr round 1 (radius: 5)
[00:01:25 -3975.424303] AUTODETECT spr round 2 (radius: 10)
[00:01:26 -3248.211263] AUTODETECT spr round 3 (radius: 15)
[00:01:26 -2987.979812] AUTODETECT spr round 4 (radius: 20)
[00:01:27 -2987.979793] SPR radius for FAST iterations: 15 (autodetect)
[00:01:27 -2987.979793] Model parameter optimization (eps = 3.000000)
[00:01:27 -2957.977109] FAST spr round 1 (radius: 15)
[00:01:28 -2821.998810] FAST spr round 2 (radius: 15)
[00:01:29 -2821.998810] Model parameter optimization (eps = 1.000000)
[00:01:29 -2821.610484] SLOW spr round 1 (radius: 5)
[00:01:29 -2821.610482] SLOW spr round 2 (radius: 10)
[00:01:31 -2821.610482] SLOW spr round 3 (radius: 15)
[00:01:32 -2821.610482] SLOW spr round 4 (radius: 20)
[00:01:33 -2821.610482] SLOW spr round 5 (radius: 25)
[00:01:34 -2821.610482] Model parameter optimization (eps = 0.100000)

[00:01:34] ML tree search #8, logLikelihood: -2821.607242

[00:01:34 -11659.128456] Initial branch length optimization
[00:01:34 -7413.972393] Model parameter optimization (eps = 10.000000)
[00:01:34 -5424.624191] AUTODETECT spr round 1 (radius: 5)
[00:01:35 -3837.146784] AUTODETECT spr round 2 (radius: 10)
[00:01:35 -3235.774287] AUTODETECT spr round 3 (radius: 15)
[00:01:36 -3052.308841] AUTODETECT spr round 4 (radius: 20)
[00:01:36 -2988.276360] AUTODETECT spr round 5 (radius: 25)
[00:01:37 -2988.276288] SPR radius for FAST iterations: 20 (autodetect)
[00:01:37 -2988.276288] Model parameter optimization (eps = 3.000000)
[00:01:37 -2968.271188] FAST spr round 1 (radius: 20)
[00:01:38 -2835.446719] FAST spr round 2 (radius: 20)
[00:01:38 -2822.330556] FAST spr round 3 (radius: 20)
[00:01:39 -2822.330556] Model parameter optimization (eps = 1.000000)
[00:01:39 -2821.540558] SLOW spr round 1 (radius: 5)
[00:01:40 -2821.540556] SLOW spr round 2 (radius: 10)
[00:01:41 -2821.540556] SLOW spr round 3 (radius: 15)
[00:01:42 -2821.540556] SLOW spr round 4 (radius: 20)
[00:01:44 -2821.540556] SLOW spr round 5 (radius: 25)
[00:01:44 -2821.540556] Model parameter optimization (eps = 0.100000)

[00:01:44] ML tree search #9, logLikelihood: -2821.536198

[00:01:44 -11763.400558] Initial branch length optimization
[00:01:44 -7713.565881] Model parameter optimization (eps = 10.000000)
[00:01:45 -5516.824259] AUTODETECT spr round 1 (radius: 5)
[00:01:45 -4022.486663] AUTODETECT spr round 2 (radius: 10)
[00:01:46 -3242.744108] AUTODETECT spr round 3 (radius: 15)
[00:01:46 -2969.969114] AUTODETECT spr round 4 (radius: 20)
[00:01:47 -2967.122165] AUTODETECT spr round 5 (radius: 25)
[00:01:48 -2955.352562] SPR radius for FAST iterations: 25 (autodetect)
[00:01:48 -2955.352562] Model parameter optimization (eps = 3.000000)
[00:01:48 -2929.913755] FAST spr round 1 (radius: 25)
[00:01:49 -2821.922027] FAST spr round 2 (radius: 25)
[00:01:49 -2821.922023] Model parameter optimization (eps = 1.000000)
[00:01:49 -2821.588575] SLOW spr round 1 (radius: 5)
[00:01:50 -2821.588537] SLOW spr round 2 (radius: 10)
[00:01:52 -2821.588537] SLOW spr round 3 (radius: 15)
[00:01:53 -2821.588537] SLOW spr round 4 (radius: 20)
[00:01:54 -2821.588537] SLOW spr round 5 (radius: 25)
[00:01:55 -2821.588537] Model parameter optimization (eps = 0.100000)

[00:01:55] ML tree search #10, logLikelihood: -2821.586443

[00:01:55 -8045.617885] Initial branch length optimization
[00:01:55 -2582.367666] Model parameter optimization (eps = 10.000000)
[00:01:55 -2518.098654] AUTODETECT spr round 1 (radius: 5)
[00:01:56 -2518.098636] SPR radius for FAST iterations: 5 (autodetect)
[00:01:56 -2518.098636] Model parameter optimization (eps = 3.000000)
[00:01:56 -2518.098181] FAST spr round 1 (radius: 5)
[00:01:56 -2518.098181] Model parameter optimization (eps = 1.000000)
[00:01:56 -2518.098180] SLOW spr round 1 (radius: 5)
[00:01:57 -2518.098180] SLOW spr round 2 (radius: 10)
[00:01:58 -2518.098178] SLOW spr round 3 (radius: 15)
[00:01:58 -2518.098178] SLOW spr round 4 (radius: 20)
[00:01:59 -2518.098176] SLOW spr round 5 (radius: 25)
[00:02:00 -2518.098175] Model parameter optimization (eps = 0.100000)

[00:02:00] ML tree search #11, logLikelihood: -2518.098175

[00:02:00 -8045.618624] Initial branch length optimization
[00:02:00 -2582.364043] Model parameter optimization (eps = 10.000000)
[00:02:00 -2518.098687] AUTODETECT spr round 1 (radius: 5)
[00:02:00 -2518.098669] SPR radius for FAST iterations: 5 (autodetect)
[00:02:00 -2518.098669] Model parameter optimization (eps = 3.000000)
[00:02:01 -2518.098216] FAST spr round 1 (radius: 5)
[00:02:01 -2518.098216] Model parameter optimization (eps = 1.000000)
[00:02:01 -2518.098215] SLOW spr round 1 (radius: 5)
[00:02:02 -2518.098205] SLOW spr round 2 (radius: 10)
[00:02:03 -2518.098204] SLOW spr round 3 (radius: 15)
[00:02:03 -2518.098204] SLOW spr round 4 (radius: 20)
[00:02:04 -2518.098204] SLOW spr round 5 (radius: 25)
[00:02:05 -2518.098204] Model parameter optimization (eps = 0.100000)

[00:02:05] ML tree search #12, logLikelihood: -2518.098204

[00:02:05 -8045.617784] Initial branch length optimization
[00:02:05 -2582.369717] Model parameter optimization (eps = 10.000000)
[00:02:05 -2518.098697] AUTODETECT spr round 1 (radius: 5)
[00:02:05 -2518.098647] SPR radius for FAST iterations: 5 (autodetect)
[00:02:05 -2518.098647] Model parameter optimization (eps = 3.000000)
[00:02:05 -2518.098188] FAST spr round 1 (radius: 5)
[00:02:06 -2518.098188] Model parameter optimization (eps = 1.000000)
[00:02:06 -2518.098188] SLOW spr round 1 (radius: 5)
[00:02:07 -2518.098181] SLOW spr round 2 (radius: 10)
[00:02:07 -2518.098174] SLOW spr round 3 (radius: 15)
[00:02:08 -2518.098174] SLOW spr round 4 (radius: 20)
[00:02:09 -2518.098174] SLOW spr round 5 (radius: 25)
[00:02:09 -2518.098174] Model parameter optimization (eps = 0.100000)

[00:02:10] ML tree search #13, logLikelihood: -2518.098174

[00:02:10 -8045.617808] Initial branch length optimization
[00:02:10 -2582.362089] Model parameter optimization (eps = 10.000000)
[00:02:10 -2518.098681] AUTODETECT spr round 1 (radius: 5)
[00:02:10 -2518.098630] SPR radius for FAST iterations: 5 (autodetect)
[00:02:10 -2518.098630] Model parameter optimization (eps = 3.000000)
[00:02:10 -2518.098182] FAST spr round 1 (radius: 5)
[00:02:11 -2518.098182] Model parameter optimization (eps = 1.000000)
[00:02:11 -2518.098181] SLOW spr round 1 (radius: 5)
[00:02:11 -2518.098181] SLOW spr round 2 (radius: 10)
[00:02:12 -2518.098177] SLOW spr round 3 (radius: 15)
[00:02:13 -2518.098176] SLOW spr round 4 (radius: 20)
[00:02:14 -2518.098176] SLOW spr round 5 (radius: 25)
[00:02:14 -2518.098176] Model parameter optimization (eps = 0.100000)

[00:02:14] ML tree search #14, logLikelihood: -2518.098176

[00:02:14 -8045.617915] Initial branch length optimization
[00:02:14 -2582.369516] Model parameter optimization (eps = 10.000000)
[00:02:15 -2518.098694] AUTODETECT spr round 1 (radius: 5)
[00:02:15 -2518.098642] SPR radius for FAST iterations: 5 (autodetect)
[00:02:15 -2518.098642] Model parameter optimization (eps = 3.000000)
[00:02:15 -2518.098184] FAST spr round 1 (radius: 5)
[00:02:16 -2518.098184] Model parameter optimization (eps = 1.000000)
[00:02:16 -2518.098183] SLOW spr round 1 (radius: 5)
[00:02:16 -2518.098183] SLOW spr round 2 (radius: 10)
[00:02:17 -2518.098172] SLOW spr round 3 (radius: 15)
[00:02:18 -2518.098172] SLOW spr round 4 (radius: 20)
[00:02:19 -2518.098172] SLOW spr round 5 (radius: 25)
[00:02:19 -2518.098172] Model parameter optimization (eps = 0.100000)

[00:02:19] ML tree search #15, logLikelihood: -2518.098172

[00:02:19 -8045.617851] Initial branch length optimization
[00:02:19 -2582.369643] Model parameter optimization (eps = 10.000000)
[00:02:20 -2518.098700] AUTODETECT spr round 1 (radius: 5)
[00:02:20 -2518.098648] SPR radius for FAST iterations: 5 (autodetect)
[00:02:20 -2518.098648] Model parameter optimization (eps = 3.000000)
[00:02:20 -2518.098190] FAST spr round 1 (radius: 5)
[00:02:20 -2518.098190] Model parameter optimization (eps = 1.000000)
[00:02:20 -2518.098190] SLOW spr round 1 (radius: 5)
[00:02:21 -2518.098187] SLOW spr round 2 (radius: 10)
[00:02:22 -2518.098187] SLOW spr round 3 (radius: 15)
[00:02:23 -2518.098187] SLOW spr round 4 (radius: 20)
[00:02:23 -2518.098187] SLOW spr round 5 (radius: 25)
[00:02:24 -2518.098187] Model parameter optimization (eps = 0.100000)

[00:02:24] ML tree search #16, logLikelihood: -2518.098187

[00:02:24 -8045.617892] Initial branch length optimization
[00:02:24 -2582.371907] Model parameter optimization (eps = 10.000000)
[00:02:24 -2518.098695] AUTODETECT spr round 1 (radius: 5)
[00:02:25 -2518.098644] SPR radius for FAST iterations: 5 (autodetect)
[00:02:25 -2518.098644] Model parameter optimization (eps = 3.000000)
[00:02:25 -2518.098184] FAST spr round 1 (radius: 5)
[00:02:25 -2518.098184] Model parameter optimization (eps = 1.000000)
[00:02:25 -2518.098183] SLOW spr round 1 (radius: 5)
[00:02:26 -2518.098177] SLOW spr round 2 (radius: 10)
[00:02:27 -2518.098177] SLOW spr round 3 (radius: 15)
[00:02:27 -2518.098177] SLOW spr round 4 (radius: 20)
[00:02:28 -2518.098175] SLOW spr round 5 (radius: 25)
[00:02:29 -2518.098175] Model parameter optimization (eps = 0.100000)

[00:02:29] ML tree search #17, logLikelihood: -2518.098175

[00:02:29 -8045.617930] Initial branch length optimization
[00:02:29 -2582.371084] Model parameter optimization (eps = 10.000000)
[00:02:29 -2518.098663] AUTODETECT spr round 1 (radius: 5)
[00:02:29 -2518.098639] SPR radius for FAST iterations: 5 (autodetect)
[00:02:29 -2518.098639] Model parameter optimization (eps = 3.000000)
[00:02:30 -2518.098179] FAST spr round 1 (radius: 5)
[00:02:30 -2518.098179] Model parameter optimization (eps = 1.000000)
[00:02:30 -2518.098179] SLOW spr round 1 (radius: 5)
[00:02:31 -2518.098176] SLOW spr round 2 (radius: 10)
[00:02:32 -2518.098174] SLOW spr round 3 (radius: 15)
[00:02:32 -2518.098174] SLOW spr round 4 (radius: 20)
[00:02:33 -2518.098169] SLOW spr round 5 (radius: 25)
[00:02:34 -2518.098169] Model parameter optimization (eps = 0.100000)

[00:02:34] ML tree search #18, logLikelihood: -2518.098169

[00:02:34 -8045.617960] Initial branch length optimization
[00:02:34 -2582.366399] Model parameter optimization (eps = 10.000000)
[00:02:34 -2518.098689] AUTODETECT spr round 1 (radius: 5)
[00:02:34 -2518.098665] SPR radius for FAST iterations: 5 (autodetect)
[00:02:34 -2518.098665] Model parameter optimization (eps = 3.000000)
[00:02:35 -2518.098211] FAST spr round 1 (radius: 5)
[00:02:35 -2518.098211] Model parameter optimization (eps = 1.000000)
[00:02:35 -2518.098211] SLOW spr round 1 (radius: 5)
[00:02:36 -2518.098198] SLOW spr round 2 (radius: 10)
[00:02:37 -2518.098198] SLOW spr round 3 (radius: 15)
[00:02:37 -2518.098198] SLOW spr round 4 (radius: 20)
[00:02:38 -2518.098198] SLOW spr round 5 (radius: 25)
[00:02:39 -2518.098198] Model parameter optimization (eps = 0.100000)

[00:02:39] ML tree search #19, logLikelihood: -2518.098198

[00:02:39 -8045.617809] Initial branch length optimization
[00:02:39 -2582.366310] Model parameter optimization (eps = 10.000000)
[00:02:39 -2518.098684] AUTODETECT spr round 1 (radius: 5)
[00:02:39 -2518.098672] SPR radius for FAST iterations: 5 (autodetect)
[00:02:39 -2518.098672] Model parameter optimization (eps = 3.000000)
[00:02:39 -2518.098217] FAST spr round 1 (radius: 5)
[00:02:40 -2518.098217] Model parameter optimization (eps = 1.000000)
[00:02:40 -2518.098216] SLOW spr round 1 (radius: 5)
[00:02:41 -2518.098204] SLOW spr round 2 (radius: 10)
[00:02:41 -2518.098199] SLOW spr round 3 (radius: 15)
[00:02:42 -2518.098199] SLOW spr round 4 (radius: 20)
[00:02:43 -2518.098199] SLOW spr round 5 (radius: 25)
[00:02:44 -2518.098199] Model parameter optimization (eps = 0.100000)

[00:02:44] ML tree search #20, logLikelihood: -2518.098199


Optimized model parameters:

   Partition 0: noname
   Rate heterogeneity: GAMMA (4 cats, mean),  alpha: 99.827422 (ML),  weights&rates: (0.250000,0.875801) (0.250000,0.964706) (0.250000,1.029572) (0.250000,1.129921) 
   Base frequencies (ML): 0.195183 0.202551 0.280656 0.321610 
   Substitution rates (ML): 1.356136 3.248856 5.400039 5.259178 1.087133 1.000000 


Final LogLikelihood: -2518.098169

AIC score: 5692.196338 / AICc score: 6013.841644 / BIC score: 7301.940070
Free parameters (model + branch lengths): 328

Best ML tree saved to: /projects/tallis/aditikg2/tutorials/aditikg2_project/output/sim_raxml_out/Scincella/Scincella_636.phylip.raxml_TRUE.phy.raxml.bestTree
All ML trees saved to: /projects/tallis/aditikg2/tutorials/aditikg2_project/output/sim_raxml_out/Scincella/Scincella_636.phylip.raxml_TRUE.phy.raxml.mlTrees
Optimized model saved to: /projects/tallis/aditikg2/tutorials/aditikg2_project/output/sim_raxml_out/Scincella/Scincella_636.phylip.raxml_TRUE.phy.raxml.bestModel

Execution log saved to: /projects/tallis/aditikg2/tutorials/aditikg2_project/output/sim_raxml_out/Scincella/Scincella_636.phylip.raxml_TRUE.phy.raxml.log

Analysis started: 31-Jul-2019 16:27:22 / finished: 31-Jul-2019 16:30:06

Elapsed time: 164.232 seconds

