
RAxML-NG v. 0.9.0 released on 20.05.2019 by The Exelixis Lab.
Developed by: Alexey M. Kozlov and Alexandros Stamatakis.
Contributors: Diego Darriba, Tomas Flouri, Benoit Morel, Sarah Lutteropp, Ben Bettisworth.
Latest version: https://github.com/amkozlov/raxml-ng
Questions/problems/suggestions? Please visit: https://groups.google.com/forum/#!forum/raxml

RAxML-NG was called at 24-Jul-2019 17:39:33 as follows:

/projects/tallis/reu2019/software/raxml-ng-0.9.0/raxml-ng --msa /projects/tallis/aditikg2/tutorials/aditikg2_project/output/Scincella/Scincella_630.phylip --model GTR+G --threads 1

Analysis options:
  run mode: ML tree search
  start tree(s): random (10) + parsimony (10)
  random seed: 1564007973
  tip-inner: OFF
  pattern compression: ON
  per-rate scalers: OFF
  site repeats: ON
  fast spr radius: AUTO
  spr subtree cutoff: 1.000000
  branch lengths: proportional (ML estimate, algorithm: NR-FAST)
  SIMD kernels: AVX
  parallelization: NONE/sequential

[00:00:00] Reading alignment from file: /projects/tallis/aditikg2/tutorials/aditikg2_project/output/Scincella/Scincella_630.phylip
[00:00:00] Loaded alignment with 137 taxa and 582 sites

WARNING: Sequences 064smiTXa2 and 081devTXa1 are exactly identical!
WARNING: Sequences 064smiTXa2 and 081devTXb1 are exactly identical!
WARNING: Sequences 064smiTXa2 and 179palTXa1 are exactly identical!
WARNING: Sequences 064smiTXa2 and 179palTXb1 are exactly identical!
WARNING: Sequences 064smiTXa2 and 180losTXa1 are exactly identical!
WARNING: Sequences 064smiTXa2 and 180losTXb1 are exactly identical!
WARNING: Sequences 064smiTXa2 and 181guaTXa1 are exactly identical!
WARNING: Sequences 064smiTXa2 and 181guaTXb1 are exactly identical!
WARNING: Sequences 064smiTXa2 and 235guaTXa1 are exactly identical!
WARNING: Sequences 064smiTXa2 and 276pedTXa1 are exactly identical!
WARNING: Sequences 064smiTXa2 and 276pedTXb1 are exactly identical!
WARNING: Sequences 064smiTXa2 and 277pedTXa1 are exactly identical!
WARNING: Sequences 064smiTXa2 and 277pedTXb1 are exactly identical!
WARNING: Sequences 064smiTXa2 and 278devTXa1 are exactly identical!
WARNING: Sequences 064smiTXa2 and 285steTXa1 are exactly identical!
WARNING: Sequences 064smiTXa2 and 285steTXb1 are exactly identical!
WARNING: Sequences 064smiTXa2 and 361palTXa1 are exactly identical!
WARNING: Sequences 064smiTXa2 and 361palTXb1 are exactly identical!
WARNING: Sequences 064smiTXa2 and 364losTXa1 are exactly identical!
WARNING: Sequences 064smiTXa2 and 364losTXb1 are exactly identical!
WARNING: Sequences 064smiTXa2 and 365losTXa1 are exactly identical!
WARNING: Sequences 064smiTXa2 and 365losTXb1 are exactly identical!
WARNING: Sequences 064smiTXa2 and 366losTXa1 are exactly identical!
WARNING: Sequences 064smiTXa2 and 366losTXb1 are exactly identical!
WARNING: Sequences 064smiTXa2 and 376sabTXa1 are exactly identical!
WARNING: Sequences 064smiTXa2 and 376sabTXb1 are exactly identical!
WARNING: Sequences 064smiTXa2 and 377barTXa1 are exactly identical!
WARNING: Sequences 064smiTXa2 and 377barTXb1 are exactly identical!
WARNING: Sequences 064smiTXa2 and 458menTXa1 are exactly identical!
WARNING: Sequences 064smiTXa2 and 458menTXb1 are exactly identical!
WARNING: Sequences 064smiTXa2 and 477devTXa1 are exactly identical!
WARNING: Sequences 064smiTXa2 and 478devTXa1 are exactly identical!
WARNING: Sequences 064smiTXa2 and 478devTXb1 are exactly identical!
WARNING: Sequences 064smiTXa2 and 479devTXa1 are exactly identical!
WARNING: Sequences 064smiTXa2 and 479devTXb1 are exactly identical!
WARNING: Sequences 064smiTXb2 and 115hoopLb2 are exactly identical!
WARNING: Sequences 064smiTXb2 and 211natTNb2 are exactly identical!
WARNING: Sequences 064smiTXb2 and 339delMSb2 are exactly identical!
WARNING: Sequences 064smiTXb2 and 384yogLAb2 are exactly identical!
WARNING: Sequences 064smiTXb2 and 404amitLb2 are exactly identical!
WARNING: Sequences 068choMSa2 and 075oscFLa3 are exactly identical!
WARNING: Sequences 068choMSa2 and 075oscFLb3 are exactly identical!
WARNING: Sequences 068choMSa2 and 095maryLa2 are exactly identical!
WARNING: Sequences 068choMSa2 and 115hoopLa2 are exactly identical!
WARNING: Sequences 068choMSa2 and 137lurALa3 are exactly identical!
WARNING: Sequences 068choMSa2 and 137lurALb3 are exactly identical!
WARNING: Sequences 068choMSa2 and 142rocTNa3 are exactly identical!
WARNING: Sequences 068choMSa2 and 142rocTNb3 are exactly identical!
WARNING: Sequences 068choMSa2 and 171jonGAa3 are exactly identical!
WARNING: Sequences 068choMSa2 and 211natTNa2 are exactly identical!
WARNING: Sequences 068choMSa2 and 267wacNCa3 are exactly identical!
WARNING: Sequences 068choMSa2 and 267wacNCb3 are exactly identical!
WARNING: Sequences 068choMSa2 and 270disVAa3 are exactly identical!
WARNING: Sequences 068choMSa2 and 270disVAb3 are exactly identical!
WARNING: Sequences 068choMSa2 and 286crkMSa2 are exactly identical!
WARNING: Sequences 068choMSa2 and 288chwALa3 are exactly identical!
WARNING: Sequences 068choMSa2 and 305desMSa3 are exactly identical!
WARNING: Sequences 068choMSa2 and 305desMSb3 are exactly identical!
WARNING: Sequences 068choMSa2 and 308lurALa3 are exactly identical!
WARNING: Sequences 068choMSa2 and 311oakALa3 are exactly identical!
WARNING: Sequences 068choMSa2 and 311oakALb3 are exactly identical!
WARNING: Sequences 068choMSa2 and 312oakALa3 are exactly identical!
WARNING: Sequences 068choMSa2 and 312oakALb3 are exactly identical!
WARNING: Sequences 068choMSa2 and 326penKYa3 are exactly identical!
WARNING: Sequences 068choMSa2 and 326penKYb3 are exactly identical!
WARNING: Sequences 068choMSa2 and 328lanKYa3 are exactly identical!
WARNING: Sequences 068choMSa2 and 328lanKYb3 are exactly identical!
WARNING: Sequences 068choMSa2 and 330rauILa3 are exactly identical!
WARNING: Sequences 068choMSa2 and 330rauILb3 are exactly identical!
WARNING: Sequences 068choMSa2 and 339delMSa2 are exactly identical!
WARNING: Sequences 068choMSa2 and 388indLAa2 are exactly identical!
WARNING: Sequences 068choMSa2 and 443escALa3 are exactly identical!
WARNING: Sequences 068choMSa2 and 443escALb3 are exactly identical!
WARNING: Sequences 068choMSa2 and 446cavFLa3 are exactly identical!
WARNING: Sequences 068choMSa2 and 481escALa3 are exactly identical!
WARNING: Sequences 068choMSb2 and 380granLb2 are exactly identical!
WARNING: Sequences 095maryLb2 and 102helnLb2 are exactly identical!
WARNING: Sequences 095maryLb2 and 167helnLa2 are exactly identical!
WARNING: Sequences 095maryLb2 and 167helnLb2 are exactly identical!
WARNING: Sequences 095maryLb2 and 168helnLb2 are exactly identical!
WARNING: Sequences 095maryLb2 and 195ticLAb2 are exactly identical!
WARNING: Sequences 095maryLb2 and 286crkMSb2 are exactly identical!
WARNING: Sequences 095maryLb2 and 431hamLAa2 are exactly identical!
WARNING: Sequences 095maryLb2 and 431hamLAb2 are exactly identical!
WARNING: Sequences 102helnLa2 and 168helnLa2 are exactly identical!
WARNING: Sequences 130chwALa3 and 130chwALb3 are exactly identical!
WARNING: Sequences 130chwALa3 and 288chwALb3 are exactly identical!
WARNING: Sequences 182colTXa1 and 182colTXb1 are exactly identical!
WARNING: Sequences 195ticLAa2 and 295ponFLa3 are exactly identical!
WARNING: Sequences 195ticLAa2 and 298blkFLa3 are exactly identical!
WARNING: Sequences 195ticLAa2 and 301blyALb3 are exactly identical!
WARNING: Sequences 195ticLAa2 and 380granLa2 are exactly identical!
WARNING: Sequences 195ticLAa2 and 384yogLAa2 are exactly identical!
WARNING: Sequences 195ticLAa2 and 388indLAb2 are exactly identical!
WARNING: Sequences 195ticLAa2 and 391escALb3 are exactly identical!
WARNING: Sequences 195ticLAa2 and 393dedFLa3 are exactly identical!
WARNING: Sequences 195ticLAa2 and 444escALa3 are exactly identical!
WARNING: Sequences 195ticLAa2 and 444escALb3 are exactly identical!
WARNING: Sequences 195ticLAa2 and 451dedFLa3 are exactly identical!
WARNING: Sequences 195ticLAa2 and 455htwFLa3 are exactly identical!
WARNING: Sequences 266warSCa3 and 266warSCb3 are exactly identical!
WARNING: Sequences 278devTXb1 and 477devTXb1 are exactly identical!
WARNING: Sequences 284steTXa1 and 284steTXb1 are exactly identical!
WARNING: Sequences 355ftpTXa2 and 355ftpTXb2 are exactly identical!
WARNING: Sequences 451dedFLb3 and 455htwFLb3 are exactly identical!
WARNING: Duplicate sequences found: 105

NOTE: Reduced alignment (with duplicates and gap-only sites/taxa removed) 
NOTE: was saved to: /projects/tallis/aditikg2/tutorials/aditikg2_project/output/Scincella/Scincella_630.phylip.raxml.reduced.phy

Alignment comprises 1 partitions and 52 patterns

Partition 0: noname
Model: GTR+FO+G4m
Alignment sites / patterns: 582 / 52
Gaps: 0.02 %
Invariant sites: 89.86 %


NOTE: Binary MSA file created: /projects/tallis/aditikg2/tutorials/aditikg2_project/output/Scincella/Scincella_630.phylip.raxml.rba

[00:00:00] Generating 10 random starting tree(s) with 137 taxa
[00:00:00] Generating 10 parsimony starting tree(s) with 137 taxa
[00:00:00] Data distribution: max. partitions/sites/weight per thread: 1 / 52 / 832

Starting ML tree search with 20 distinct starting trees

[00:00:00 -5232.401882] Initial branch length optimization
[00:00:00 -2938.811265] Model parameter optimization (eps = 10.000000)
[00:00:00 -2102.066769] AUTODETECT spr round 1 (radius: 5)
[00:00:00 -1444.720288] AUTODETECT spr round 2 (radius: 10)
[00:00:01 -1312.022393] AUTODETECT spr round 3 (radius: 15)
[00:00:01 -1256.825198] AUTODETECT spr round 4 (radius: 20)
[00:00:01 -1243.354932] AUTODETECT spr round 5 (radius: 25)
[00:00:01 -1243.194985] SPR radius for FAST iterations: 25 (autodetect)
[00:00:01 -1243.194985] Model parameter optimization (eps = 3.000000)
[00:00:01 -1224.670715] FAST spr round 1 (radius: 25)
[00:00:02 -1182.186848] FAST spr round 2 (radius: 25)
[00:00:02 -1182.186833] Model parameter optimization (eps = 1.000000)
[00:00:02 -1177.269117] SLOW spr round 1 (radius: 5)
[00:00:03 -1177.269116] SLOW spr round 2 (radius: 10)
[00:00:03 -1177.269113] SLOW spr round 3 (radius: 15)
[00:00:04 -1177.269112] SLOW spr round 4 (radius: 20)
[00:00:04 -1177.269111] SLOW spr round 5 (radius: 25)
[00:00:05 -1177.269110] Model parameter optimization (eps = 0.100000)

[00:00:05] ML tree search #1, logLikelihood: -1177.268905

[00:00:05 -5351.843093] Initial branch length optimization
[00:00:05 -3283.895486] Model parameter optimization (eps = 10.000000)
[00:00:05 -2176.057735] AUTODETECT spr round 1 (radius: 5)
[00:00:05 -1550.218257] AUTODETECT spr round 2 (radius: 10)
[00:00:06 -1371.729138] AUTODETECT spr round 3 (radius: 15)
[00:00:06 -1337.857066] AUTODETECT spr round 4 (radius: 20)
[00:00:06 -1318.064313] AUTODETECT spr round 5 (radius: 25)
[00:00:06 -1318.064213] SPR radius for FAST iterations: 20 (autodetect)
[00:00:06 -1318.064213] Model parameter optimization (eps = 3.000000)
[00:00:06 -1292.052300] FAST spr round 1 (radius: 20)
[00:00:07 -1222.508803] FAST spr round 2 (radius: 20)
[00:00:07 -1211.971133] FAST spr round 3 (radius: 20)
[00:00:07 -1186.041974] FAST spr round 4 (radius: 20)
[00:00:08 -1186.041971] Model parameter optimization (eps = 1.000000)
[00:00:08 -1177.270205] SLOW spr round 1 (radius: 5)
[00:00:08 -1177.270203] SLOW spr round 2 (radius: 10)
[00:00:09 -1177.270201] SLOW spr round 3 (radius: 15)
[00:00:09 -1177.270201] SLOW spr round 4 (radius: 20)
[00:00:10 -1177.270201] SLOW spr round 5 (radius: 25)
[00:00:10 -1177.270201] Model parameter optimization (eps = 0.100000)

[00:00:10] ML tree search #2, logLikelihood: -1177.269486

[00:00:10 -5316.552997] Initial branch length optimization
[00:00:10 -3205.724041] Model parameter optimization (eps = 10.000000)
[00:00:11 -2185.865207] AUTODETECT spr round 1 (radius: 5)
[00:00:11 -1643.186867] AUTODETECT spr round 2 (radius: 10)
[00:00:11 -1381.375972] AUTODETECT spr round 3 (radius: 15)
[00:00:11 -1312.217269] AUTODETECT spr round 4 (radius: 20)
[00:00:12 -1286.310632] AUTODETECT spr round 5 (radius: 25)
[00:00:12 -1286.310597] SPR radius for FAST iterations: 20 (autodetect)
[00:00:12 -1286.310597] Model parameter optimization (eps = 3.000000)
[00:00:12 -1261.826701] FAST spr round 1 (radius: 20)
[00:00:12 -1184.996988] FAST spr round 2 (radius: 20)
[00:00:13 -1184.996975] Model parameter optimization (eps = 1.000000)
[00:00:13 -1177.270096] SLOW spr round 1 (radius: 5)
[00:00:13 -1177.270093] SLOW spr round 2 (radius: 10)
[00:00:14 -1177.270090] SLOW spr round 3 (radius: 15)
[00:00:14 -1177.270089] SLOW spr round 4 (radius: 20)
[00:00:15 -1177.270088] SLOW spr round 5 (radius: 25)
[00:00:15 -1177.270088] Model parameter optimization (eps = 0.100000)

[00:00:15] ML tree search #3, logLikelihood: -1177.269515

[00:00:15 -5271.292843] Initial branch length optimization
[00:00:15 -3104.176416] Model parameter optimization (eps = 10.000000)
[00:00:16 -2146.010262] AUTODETECT spr round 1 (radius: 5)
[00:00:16 -1618.479374] AUTODETECT spr round 2 (radius: 10)
[00:00:16 -1318.321603] AUTODETECT spr round 3 (radius: 15)
[00:00:17 -1263.664880] AUTODETECT spr round 4 (radius: 20)
[00:00:17 -1261.388227] AUTODETECT spr round 5 (radius: 25)
[00:00:17 -1261.386139] SPR radius for FAST iterations: 20 (autodetect)
[00:00:17 -1261.386139] Model parameter optimization (eps = 3.000000)
[00:00:17 -1236.131749] FAST spr round 1 (radius: 20)
[00:00:18 -1188.784642] FAST spr round 2 (radius: 20)
[00:00:18 -1183.255233] FAST spr round 3 (radius: 20)
[00:00:18 -1183.255233] Model parameter optimization (eps = 1.000000)
[00:00:18 -1177.269975] SLOW spr round 1 (radius: 5)
[00:00:19 -1177.269975] SLOW spr round 2 (radius: 10)
[00:00:19 -1177.269975] SLOW spr round 3 (radius: 15)
[00:00:20 -1177.269975] SLOW spr round 4 (radius: 20)
[00:00:20 -1177.269975] SLOW spr round 5 (radius: 25)
[00:00:21 -1177.269975] Model parameter optimization (eps = 0.100000)

[00:00:21] ML tree search #4, logLikelihood: -1177.269663

[00:00:21 -5260.322570] Initial branch length optimization
[00:00:21 -3022.265671] Model parameter optimization (eps = 10.000000)
[00:00:21 -2134.660317] AUTODETECT spr round 1 (radius: 5)
[00:00:21 -1606.593807] AUTODETECT spr round 2 (radius: 10)
[00:00:22 -1352.304855] AUTODETECT spr round 3 (radius: 15)
[00:00:22 -1240.192850] AUTODETECT spr round 4 (radius: 20)
[00:00:22 -1234.521283] AUTODETECT spr round 5 (radius: 25)
[00:00:22 -1234.521282] SPR radius for FAST iterations: 20 (autodetect)
[00:00:22 -1234.521282] Model parameter optimization (eps = 3.000000)
[00:00:22 -1213.375885] FAST spr round 1 (radius: 20)
[00:00:23 -1180.169376] FAST spr round 2 (radius: 20)
[00:00:23 -1180.169366] Model parameter optimization (eps = 1.000000)
[00:00:23 -1177.268993] SLOW spr round 1 (radius: 5)
[00:00:24 -1177.268988] SLOW spr round 2 (radius: 10)
[00:00:24 -1177.268987] SLOW spr round 3 (radius: 15)
[00:00:25 -1177.268986] SLOW spr round 4 (radius: 20)
[00:00:25 -1177.268985] SLOW spr round 5 (radius: 25)
[00:00:25 -1177.268984] Model parameter optimization (eps = 0.100000)

[00:00:26] ML tree search #5, logLikelihood: -1177.268892

[00:00:26 -5273.226319] Initial branch length optimization
[00:00:26 -3057.517166] Model parameter optimization (eps = 10.000000)
[00:00:26 -2133.895539] AUTODETECT spr round 1 (radius: 5)
[00:00:26 -1547.766939] AUTODETECT spr round 2 (radius: 10)
[00:00:26 -1263.145559] AUTODETECT spr round 3 (radius: 15)
[00:00:27 -1242.943681] AUTODETECT spr round 4 (radius: 20)
[00:00:27 -1214.142343] AUTODETECT spr round 5 (radius: 25)
[00:00:27 -1214.142302] SPR radius for FAST iterations: 20 (autodetect)
[00:00:27 -1214.142302] Model parameter optimization (eps = 3.000000)
[00:00:27 -1188.670482] FAST spr round 1 (radius: 20)
[00:00:28 -1177.379151] FAST spr round 2 (radius: 20)
[00:00:28 -1177.379150] Model parameter optimization (eps = 1.000000)
[00:00:28 -1177.269670] SLOW spr round 1 (radius: 5)
[00:00:28 -1177.269664] SLOW spr round 2 (radius: 10)
[00:00:29 -1177.269663] SLOW spr round 3 (radius: 15)
[00:00:29 -1177.269662] SLOW spr round 4 (radius: 20)
[00:00:30 -1177.269661] SLOW spr round 5 (radius: 25)
[00:00:30 -1177.269660] Model parameter optimization (eps = 0.100000)

[00:00:30] ML tree search #6, logLikelihood: -1177.269485

[00:00:30 -5299.857043] Initial branch length optimization
[00:00:30 -3157.286230] Model parameter optimization (eps = 10.000000)
[00:00:31 -2166.959354] AUTODETECT spr round 1 (radius: 5)
[00:00:31 -1577.551707] AUTODETECT spr round 2 (radius: 10)
[00:00:31 -1348.005577] AUTODETECT spr round 3 (radius: 15)
[00:00:31 -1241.488020] AUTODETECT spr round 4 (radius: 20)
[00:00:32 -1241.487976] SPR radius for FAST iterations: 15 (autodetect)
[00:00:32 -1241.487976] Model parameter optimization (eps = 3.000000)
[00:00:32 -1218.353694] FAST spr round 1 (radius: 15)
[00:00:32 -1180.227546] FAST spr round 2 (radius: 15)
[00:00:32 -1180.227542] Model parameter optimization (eps = 1.000000)
[00:00:33 -1177.268993] SLOW spr round 1 (radius: 5)
[00:00:33 -1177.268992] SLOW spr round 2 (radius: 10)
[00:00:33 -1177.268990] SLOW spr round 3 (radius: 15)
[00:00:34 -1177.268989] SLOW spr round 4 (radius: 20)
[00:00:34 -1177.268988] SLOW spr round 5 (radius: 25)
[00:00:35 -1177.268987] Model parameter optimization (eps = 0.100000)

[00:00:35] ML tree search #7, logLikelihood: -1177.268897

[00:00:35 -5331.339361] Initial branch length optimization
[00:00:35 -3181.890569] Model parameter optimization (eps = 10.000000)
[00:00:35 -2186.482382] AUTODETECT spr round 1 (radius: 5)
[00:00:35 -1656.498192] AUTODETECT spr round 2 (radius: 10)
[00:00:36 -1394.299696] AUTODETECT spr round 3 (radius: 15)
[00:00:36 -1300.433552] AUTODETECT spr round 4 (radius: 20)
[00:00:36 -1270.558299] AUTODETECT spr round 5 (radius: 25)
[00:00:36 -1270.558103] SPR radius for FAST iterations: 20 (autodetect)
[00:00:36 -1270.558103] Model parameter optimization (eps = 3.000000)
[00:00:36 -1246.716264] FAST spr round 1 (radius: 20)
[00:00:37 -1201.367172] FAST spr round 2 (radius: 20)
[00:00:37 -1183.569122] FAST spr round 3 (radius: 20)
[00:00:38 -1183.569120] Model parameter optimization (eps = 1.000000)
[00:00:38 -1177.269277] SLOW spr round 1 (radius: 5)
[00:00:38 -1177.269275] SLOW spr round 2 (radius: 10)
[00:00:39 -1177.269274] SLOW spr round 3 (radius: 15)
[00:00:39 -1177.269273] SLOW spr round 4 (radius: 20)
[00:00:40 -1177.269272] SLOW spr round 5 (radius: 25)
[00:00:40 -1177.269271] Model parameter optimization (eps = 0.100000)

[00:00:40] ML tree search #8, logLikelihood: -1177.268917

[00:00:40 -5313.138916] Initial branch length optimization
[00:00:40 -3151.736170] Model parameter optimization (eps = 10.000000)
[00:00:40 -2189.491689] AUTODETECT spr round 1 (radius: 5)
[00:00:41 -1633.831250] AUTODETECT spr round 2 (radius: 10)
[00:00:41 -1344.333718] AUTODETECT spr round 3 (radius: 15)
[00:00:41 -1226.471405] AUTODETECT spr round 4 (radius: 20)
[00:00:41 -1222.939840] AUTODETECT spr round 5 (radius: 25)
[00:00:42 -1222.939837] SPR radius for FAST iterations: 20 (autodetect)
[00:00:42 -1222.939837] Model parameter optimization (eps = 3.000000)
[00:00:42 -1197.160915] FAST spr round 1 (radius: 20)
[00:00:42 -1178.927459] FAST spr round 2 (radius: 20)
[00:00:42 -1178.927455] Model parameter optimization (eps = 1.000000)
[00:00:43 -1177.269506] SLOW spr round 1 (radius: 5)
[00:00:43 -1177.269506] SLOW spr round 2 (radius: 10)
[00:00:43 -1177.269504] SLOW spr round 3 (radius: 15)
[00:00:44 -1177.269503] SLOW spr round 4 (radius: 20)
[00:00:44 -1177.269503] SLOW spr round 5 (radius: 25)
[00:00:45 -1177.269503] Model parameter optimization (eps = 0.100000)

[00:00:45] ML tree search #9, logLikelihood: -1177.269475

[00:00:45 -5332.893891] Initial branch length optimization
[00:00:45 -3201.040863] Model parameter optimization (eps = 10.000000)
[00:00:45 -2193.452489] AUTODETECT spr round 1 (radius: 5)
[00:00:45 -1562.785249] AUTODETECT spr round 2 (radius: 10)
[00:00:46 -1295.105953] AUTODETECT spr round 3 (radius: 15)
[00:00:46 -1233.928541] AUTODETECT spr round 4 (radius: 20)
[00:00:46 -1233.927453] SPR radius for FAST iterations: 15 (autodetect)
[00:00:46 -1233.927453] Model parameter optimization (eps = 3.000000)
[00:00:46 -1210.939412] FAST spr round 1 (radius: 15)
[00:00:47 -1179.516668] FAST spr round 2 (radius: 15)
[00:00:47 -1179.516664] Model parameter optimization (eps = 1.000000)
[00:00:47 -1177.269529] SLOW spr round 1 (radius: 5)
[00:00:47 -1177.269526] SLOW spr round 2 (radius: 10)
[00:00:48 -1177.269525] SLOW spr round 3 (radius: 15)
[00:00:48 -1177.269524] SLOW spr round 4 (radius: 20)
[00:00:49 -1177.269523] SLOW spr round 5 (radius: 25)
[00:00:49 -1177.269522] Model parameter optimization (eps = 0.100000)

[00:00:49] ML tree search #10, logLikelihood: -1177.269478

[00:00:49 -4091.194150] Initial branch length optimization
[00:00:49 -1222.497834] Model parameter optimization (eps = 10.000000)
[00:00:49 -1177.270933] AUTODETECT spr round 1 (radius: 5)
[00:00:49 -1177.270931] SPR radius for FAST iterations: 5 (autodetect)
[00:00:49 -1177.270931] Model parameter optimization (eps = 3.000000)
[00:00:49 -1177.270066] FAST spr round 1 (radius: 5)
[00:00:49 -1177.270066] Model parameter optimization (eps = 1.000000)
[00:00:50 -1177.270065] SLOW spr round 1 (radius: 5)
[00:00:50 -1177.270065] SLOW spr round 2 (radius: 10)
[00:00:50 -1177.270065] SLOW spr round 3 (radius: 15)
[00:00:50 -1177.270065] SLOW spr round 4 (radius: 20)
[00:00:51 -1177.269481] SLOW spr round 5 (radius: 25)
[00:00:51 -1177.269481] Model parameter optimization (eps = 0.100000)

[00:00:51] ML tree search #11, logLikelihood: -1177.269480

[00:00:51 -4091.194152] Initial branch length optimization
[00:00:51 -1222.497876] Model parameter optimization (eps = 10.000000)
[00:00:51 -1177.270933] AUTODETECT spr round 1 (radius: 5)
[00:00:51 -1177.270931] SPR radius for FAST iterations: 5 (autodetect)
[00:00:51 -1177.270931] Model parameter optimization (eps = 3.000000)
[00:00:51 -1177.270066] FAST spr round 1 (radius: 5)
[00:00:52 -1177.270066] Model parameter optimization (eps = 1.000000)
[00:00:52 -1177.270065] SLOW spr round 1 (radius: 5)
[00:00:52 -1177.270065] SLOW spr round 2 (radius: 10)
[00:00:52 -1177.270065] SLOW spr round 3 (radius: 15)
[00:00:53 -1177.269483] SLOW spr round 4 (radius: 20)
[00:00:53 -1177.269483] SLOW spr round 5 (radius: 25)
[00:00:53 -1177.269483] Model parameter optimization (eps = 0.100000)

[00:00:53] ML tree search #12, logLikelihood: -1177.269482

[00:00:53 -4091.194239] Initial branch length optimization
[00:00:53 -1222.498134] Model parameter optimization (eps = 10.000000)
[00:00:53 -1177.270937] AUTODETECT spr round 1 (radius: 5)
[00:00:53 -1177.270934] SPR radius for FAST iterations: 5 (autodetect)
[00:00:53 -1177.270934] Model parameter optimization (eps = 3.000000)
[00:00:54 -1177.270069] FAST spr round 1 (radius: 5)
[00:00:54 -1177.270069] Model parameter optimization (eps = 1.000000)
[00:00:54 -1177.270069] SLOW spr round 1 (radius: 5)
[00:00:54 -1177.270069] SLOW spr round 2 (radius: 10)
[00:00:54 -1177.270069] SLOW spr round 3 (radius: 15)
[00:00:55 -1177.270069] SLOW spr round 4 (radius: 20)
[00:00:55 -1177.270067] SLOW spr round 5 (radius: 25)
[00:00:55 -1177.270067] Model parameter optimization (eps = 0.100000)

[00:00:55] ML tree search #13, logLikelihood: -1177.270067

[00:00:55 -4091.194236] Initial branch length optimization
[00:00:55 -1222.497962] Model parameter optimization (eps = 10.000000)
[00:00:56 -1177.270935] AUTODETECT spr round 1 (radius: 5)
[00:00:56 -1177.270932] SPR radius for FAST iterations: 5 (autodetect)
[00:00:56 -1177.270932] Model parameter optimization (eps = 3.000000)
[00:00:56 -1177.270067] FAST spr round 1 (radius: 5)
[00:00:56 -1177.270067] Model parameter optimization (eps = 1.000000)
[00:00:56 -1177.270067] SLOW spr round 1 (radius: 5)
[00:00:56 -1177.270065] SLOW spr round 2 (radius: 10)
[00:00:57 -1177.270065] SLOW spr round 3 (radius: 15)
[00:00:57 -1177.270065] SLOW spr round 4 (radius: 20)
[00:00:57 -1177.270065] SLOW spr round 5 (radius: 25)
[00:00:58 -1177.270065] Model parameter optimization (eps = 0.100000)

[00:00:58] ML tree search #14, logLikelihood: -1177.270065

[00:00:58 -4091.194150] Initial branch length optimization
[00:00:58 -1222.497888] Model parameter optimization (eps = 10.000000)
[00:00:58 -1177.270934] AUTODETECT spr round 1 (radius: 5)
[00:00:58 -1177.270932] SPR radius for FAST iterations: 5 (autodetect)
[00:00:58 -1177.270932] Model parameter optimization (eps = 3.000000)
[00:00:58 -1177.270067] FAST spr round 1 (radius: 5)
[00:00:58 -1177.270067] Model parameter optimization (eps = 1.000000)
[00:00:58 -1177.270066] SLOW spr round 1 (radius: 5)
[00:00:58 -1177.270064] SLOW spr round 2 (radius: 10)
[00:00:59 -1177.270064] SLOW spr round 3 (radius: 15)
[00:00:59 -1177.269482] SLOW spr round 4 (radius: 20)
[00:00:59 -1177.269482] SLOW spr round 5 (radius: 25)
[00:01:00 -1177.269482] Model parameter optimization (eps = 0.100000)

[00:01:00] ML tree search #15, logLikelihood: -1177.269481

[00:01:00 -4091.189553] Initial branch length optimization
[00:01:00 -1222.497770] Model parameter optimization (eps = 10.000000)
[00:01:00 -1177.270936] AUTODETECT spr round 1 (radius: 5)
[00:01:00 -1177.270349] SPR radius for FAST iterations: 5 (autodetect)
[00:01:00 -1177.270349] Model parameter optimization (eps = 3.000000)
[00:01:00 -1177.269484] FAST spr round 1 (radius: 5)
[00:01:00 -1177.269484] Model parameter optimization (eps = 1.000000)
[00:01:00 -1177.269484] SLOW spr round 1 (radius: 5)
[00:01:01 -1177.269481] SLOW spr round 2 (radius: 10)
[00:01:01 -1177.268896] SLOW spr round 3 (radius: 15)
[00:01:01 -1177.268895] SLOW spr round 4 (radius: 20)
[00:01:02 -1177.268895] SLOW spr round 5 (radius: 25)
[00:01:02 -1177.268895] Model parameter optimization (eps = 0.100000)

[00:01:02] ML tree search #16, logLikelihood: -1177.268894

[00:01:02 -4091.194175] Initial branch length optimization
[00:01:02 -1222.497919] Model parameter optimization (eps = 10.000000)
[00:01:02 -1177.270939] AUTODETECT spr round 1 (radius: 5)
[00:01:02 -1177.270935] SPR radius for FAST iterations: 5 (autodetect)
[00:01:02 -1177.270935] Model parameter optimization (eps = 3.000000)
[00:01:02 -1177.270070] FAST spr round 1 (radius: 5)
[00:01:02 -1177.270070] Model parameter optimization (eps = 1.000000)
[00:01:03 -1177.270069] SLOW spr round 1 (radius: 5)
[00:01:03 -1177.270067] SLOW spr round 2 (radius: 10)
[00:01:03 -1177.270067] SLOW spr round 3 (radius: 15)
[00:01:04 -1177.270067] SLOW spr round 4 (radius: 20)
[00:01:04 -1177.269120] SLOW spr round 5 (radius: 25)
[00:01:04 -1177.269120] Model parameter optimization (eps = 0.100000)

[00:01:04] ML tree search #17, logLikelihood: -1177.269119

[00:01:04 -4091.194217] Initial branch length optimization
[00:01:04 -1222.497890] Model parameter optimization (eps = 10.000000)
[00:01:04 -1177.270935] AUTODETECT spr round 1 (radius: 5)
[00:01:05 -1177.270933] SPR radius for FAST iterations: 5 (autodetect)
[00:01:05 -1177.270933] Model parameter optimization (eps = 3.000000)
[00:01:05 -1177.270068] FAST spr round 1 (radius: 5)
[00:01:05 -1177.270068] Model parameter optimization (eps = 1.000000)
[00:01:05 -1177.270067] SLOW spr round 1 (radius: 5)
[00:01:05 -1177.270067] SLOW spr round 2 (radius: 10)
[00:01:05 -1177.270067] SLOW spr round 3 (radius: 15)
[00:01:06 -1177.270067] SLOW spr round 4 (radius: 20)
[00:01:06 -1177.270067] SLOW spr round 5 (radius: 25)
[00:01:06 -1177.270067] Model parameter optimization (eps = 0.100000)

[00:01:06] ML tree search #18, logLikelihood: -1177.270067

[00:01:06 -4091.194175] Initial branch length optimization
[00:01:06 -1222.498142] Model parameter optimization (eps = 10.000000)
[00:01:06 -1177.270936] AUTODETECT spr round 1 (radius: 5)
[00:01:07 -1177.270929] SPR radius for FAST iterations: 5 (autodetect)
[00:01:07 -1177.270929] Model parameter optimization (eps = 3.000000)
[00:01:07 -1177.270064] FAST spr round 1 (radius: 5)
[00:01:07 -1177.270064] Model parameter optimization (eps = 1.000000)
[00:01:07 -1177.270063] SLOW spr round 1 (radius: 5)
[00:01:07 -1177.270063] SLOW spr round 2 (radius: 10)
[00:01:08 -1177.270063] SLOW spr round 3 (radius: 15)
[00:01:08 -1177.270063] SLOW spr round 4 (radius: 20)
[00:01:08 -1177.270063] SLOW spr round 5 (radius: 25)
[00:01:09 -1177.270063] Model parameter optimization (eps = 0.100000)

[00:01:09] ML tree search #19, logLikelihood: -1177.270063

[00:01:09 -4091.194150] Initial branch length optimization
[00:01:09 -1222.497883] Model parameter optimization (eps = 10.000000)
[00:01:09 -1177.270934] AUTODETECT spr round 1 (radius: 5)
[00:01:09 -1177.270933] SPR radius for FAST iterations: 5 (autodetect)
[00:01:09 -1177.270933] Model parameter optimization (eps = 3.000000)
[00:01:09 -1177.270068] FAST spr round 1 (radius: 5)
[00:01:09 -1177.270068] Model parameter optimization (eps = 1.000000)
[00:01:09 -1177.270068] SLOW spr round 1 (radius: 5)
[00:01:09 -1177.270068] SLOW spr round 2 (radius: 10)
[00:01:10 -1177.270068] SLOW spr round 3 (radius: 15)
[00:01:10 -1177.270066] SLOW spr round 4 (radius: 20)
[00:01:10 -1177.270065] SLOW spr round 5 (radius: 25)
[00:01:11 -1177.270065] Model parameter optimization (eps = 0.100000)

[00:01:11] ML tree search #20, logLikelihood: -1177.270065


Optimized model parameters:

   Partition 0: noname
   Rate heterogeneity: GAMMA (4 cats, mean),  alpha: 99.851973 (ML),  weights&rates: (0.250000,0.875816) (0.250000,0.964711) (0.250000,1.029569) (0.250000,1.129904) 
   Base frequencies (ML): 0.345546 0.169260 0.155836 0.329358 
   Substitution rates (ML): 0.993992 2.074000 0.779263 0.783491 1.936899 1.000000 


Final LogLikelihood: -1177.268892

AIC score: 2914.537784 / AICc score: 3437.328481 / BIC score: 4137.149509
Free parameters (model + branch lengths): 280

Best ML tree saved to: /projects/tallis/aditikg2/tutorials/aditikg2_project/output/Scincella/Scincella_630.phylip.raxml.bestTree
All ML trees saved to: /projects/tallis/aditikg2/tutorials/aditikg2_project/output/Scincella/Scincella_630.phylip.raxml.mlTrees
Optimized model saved to: /projects/tallis/aditikg2/tutorials/aditikg2_project/output/Scincella/Scincella_630.phylip.raxml.bestModel

Execution log saved to: /projects/tallis/aditikg2/tutorials/aditikg2_project/output/Scincella/Scincella_630.phylip.raxml.log

Analysis started: 24-Jul-2019 17:39:33 / finished: 24-Jul-2019 17:40:45

Elapsed time: 71.214 seconds

