
RAxML-NG v. 0.9.0 released on 20.05.2019 by The Exelixis Lab.
Developed by: Alexey M. Kozlov and Alexandros Stamatakis.
Contributors: Diego Darriba, Tomas Flouri, Benoit Morel, Sarah Lutteropp, Ben Bettisworth.
Latest version: https://github.com/amkozlov/raxml-ng
Questions/problems/suggestions? Please visit: https://groups.google.com/forum/#!forum/raxml

RAxML-NG was called at 24-Jul-2019 17:42:55 as follows:

/projects/tallis/reu2019/software/raxml-ng-0.9.0/raxml-ng --msa /projects/tallis/aditikg2/tutorials/aditikg2_project/output/Scincella/Scincella_PRLR.phylip --model GTR+G --threads 1

Analysis options:
  run mode: ML tree search
  start tree(s): random (10) + parsimony (10)
  random seed: 1564008175
  tip-inner: OFF
  pattern compression: ON
  per-rate scalers: OFF
  site repeats: ON
  fast spr radius: AUTO
  spr subtree cutoff: 1.000000
  branch lengths: proportional (ML estimate, algorithm: NR-FAST)
  SIMD kernels: AVX
  parallelization: NONE/sequential

[00:00:00] Reading alignment from file: /projects/tallis/aditikg2/tutorials/aditikg2_project/output/Scincella/Scincella_PRLR.phylip
[00:00:00] Loaded alignment with 141 taxa and 569 sites

WARNING: Sequences 064smiTXa2 and 064smiTXb2 are exactly identical!
WARNING: Sequences 064smiTXa2 and 068choMSa2 are exactly identical!
WARNING: Sequences 064smiTXa2 and 095maryLa2 are exactly identical!
WARNING: Sequences 064smiTXa2 and 095maryLb2 are exactly identical!
WARNING: Sequences 064smiTXa2 and 103cofFLa3 are exactly identical!
WARNING: Sequences 064smiTXa2 and 115hoopLa2 are exactly identical!
WARNING: Sequences 064smiTXa2 and 115hoopLb2 are exactly identical!
WARNING: Sequences 064smiTXa2 and 128okaFLa3 are exactly identical!
WARNING: Sequences 064smiTXa2 and 143penKYa3 are exactly identical!
WARNING: Sequences 064smiTXa2 and 167helnLa2 are exactly identical!
WARNING: Sequences 064smiTXa2 and 167helnLb2 are exactly identical!
WARNING: Sequences 064smiTXa2 and 169helnLa2 are exactly identical!
WARNING: Sequences 064smiTXa2 and 169helnLb2 are exactly identical!
WARNING: Sequences 064smiTXa2 and 174benMOa2 are exactly identical!
WARNING: Sequences 064smiTXa2 and 179palTXa1 are exactly identical!
WARNING: Sequences 064smiTXa2 and 179palTXb1 are exactly identical!
WARNING: Sequences 064smiTXa2 and 181guaTXa1 are exactly identical!
WARNING: Sequences 064smiTXa2 and 182colTXa1 are exactly identical!
WARNING: Sequences 064smiTXa2 and 182colTXb1 are exactly identical!
WARNING: Sequences 064smiTXa2 and 195ticLAa2 are exactly identical!
WARNING: Sequences 064smiTXa2 and 195ticLAb2 are exactly identical!
WARNING: Sequences 064smiTXa2 and 211natTNa2 are exactly identical!
WARNING: Sequences 064smiTXa2 and 274ochARa2 are exactly identical!
WARNING: Sequences 064smiTXa2 and 274ochARb2 are exactly identical!
WARNING: Sequences 064smiTXa2 and 276pedTXa1 are exactly identical!
WARNING: Sequences 064smiTXa2 and 277pedTXa1 are exactly identical!
WARNING: Sequences 064smiTXa2 and 284steTXa1 are exactly identical!
WARNING: Sequences 064smiTXa2 and 284steTXb1 are exactly identical!
WARNING: Sequences 064smiTXa2 and 285steTXa1 are exactly identical!
WARNING: Sequences 064smiTXa2 and 285steTXb1 are exactly identical!
WARNING: Sequences 064smiTXa2 and 286crkMSa2 are exactly identical!
WARNING: Sequences 064smiTXa2 and 286crkMSb2 are exactly identical!
WARNING: Sequences 064smiTXa2 and 287crkMSa2 are exactly identical!
WARNING: Sequences 064smiTXa2 and 287crkMSb2 are exactly identical!
WARNING: Sequences 064smiTXa2 and 337ozkARa2 are exactly identical!
WARNING: Sequences 064smiTXa2 and 337ozkARb2 are exactly identical!
WARNING: Sequences 064smiTXa2 and 338delMSa2 are exactly identical!
WARNING: Sequences 064smiTXa2 and 353bonTXa2 are exactly identical!
WARNING: Sequences 064smiTXa2 and 353bonTXb2 are exactly identical!
WARNING: Sequences 064smiTXa2 and 355ftpTXa2 are exactly identical!
WARNING: Sequences 064smiTXa2 and 360palTXa1 are exactly identical!
WARNING: Sequences 064smiTXa2 and 361palTXa1 are exactly identical!
WARNING: Sequences 064smiTXa2 and 361palTXb1 are exactly identical!
WARNING: Sequences 064smiTXa2 and 376sabTXa1 are exactly identical!
WARNING: Sequences 064smiTXa2 and 377barTXa1 are exactly identical!
WARNING: Sequences 064smiTXa2 and 384yogLAa2 are exactly identical!
WARNING: Sequences 064smiTXa2 and 384yogLAb2 are exactly identical!
WARNING: Sequences 064smiTXa2 and 404amitLa2 are exactly identical!
WARNING: Sequences 064smiTXa2 and 404amitLb2 are exactly identical!
WARNING: Sequences 064smiTXa2 and 431hamLAa2 are exactly identical!
WARNING: Sequences 064smiTXa2 and 431hamLAb2 are exactly identical!
WARNING: Sequences 068choMSb2 and 103cofFLb3 are exactly identical!
WARNING: Sequences 068choMSb2 and 137lurALa3 are exactly identical!
WARNING: Sequences 068choMSb2 and 142rocTNa3 are exactly identical!
WARNING: Sequences 068choMSb2 and 143penKYb3 are exactly identical!
WARNING: Sequences 068choMSb2 and 187leeLAa2 are exactly identical!
WARNING: Sequences 068choMSb2 and 187leeLAb2 are exactly identical!
WARNING: Sequences 068choMSb2 and 247holMSa2 are exactly identical!
WARNING: Sequences 068choMSb2 and 247holMSb2 are exactly identical!
WARNING: Sequences 068choMSb2 and 288chwALb3 are exactly identical!
WARNING: Sequences 068choMSb2 and 311oakALa3 are exactly identical!
WARNING: Sequences 068choMSb2 and 312oakALa3 are exactly identical!
WARNING: Sequences 068choMSb2 and 312oakALb3 are exactly identical!
WARNING: Sequences 068choMSb2 and 338delMSb2 are exactly identical!
WARNING: Sequences 068choMSb2 and 380granLb2 are exactly identical!
WARNING: Sequences 068choMSb2 and 391escALb3 are exactly identical!
WARNING: Sequences 068choMSb2 and 392cavFLa3 are exactly identical!
WARNING: Sequences 068choMSb2 and 392cavFLb3 are exactly identical!
WARNING: Sequences 068choMSb2 and 443escALa3 are exactly identical!
WARNING: Sequences 068choMSb2 and 443escALb3 are exactly identical!
WARNING: Sequences 068choMSb2 and 444escALa3 are exactly identical!
WARNING: Sequences 068choMSb2 and 444escALb3 are exactly identical!
WARNING: Sequences 081devTXa1 and 180losTXa1 are exactly identical!
WARNING: Sequences 081devTXa1 and 180losTXb1 are exactly identical!
WARNING: Sequences 081devTXa1 and 181guaTXb1 are exactly identical!
WARNING: Sequences 081devTXa1 and 235guaTXa1 are exactly identical!
WARNING: Sequences 081devTXa1 and 235guaTXb1 are exactly identical!
WARNING: Sequences 081devTXa1 and 276pedTXb1 are exactly identical!
WARNING: Sequences 081devTXa1 and 277pedTXb1 are exactly identical!
WARNING: Sequences 081devTXa1 and 278devTXa1 are exactly identical!
WARNING: Sequences 081devTXa1 and 278devTXb1 are exactly identical!
WARNING: Sequences 081devTXa1 and 364losTXa1 are exactly identical!
WARNING: Sequences 081devTXa1 and 364losTXb1 are exactly identical!
WARNING: Sequences 081devTXa1 and 365losTXa1 are exactly identical!
WARNING: Sequences 081devTXa1 and 365losTXb1 are exactly identical!
WARNING: Sequences 081devTXa1 and 366losTXa1 are exactly identical!
WARNING: Sequences 081devTXa1 and 366losTXb1 are exactly identical!
WARNING: Sequences 081devTXa1 and 377barTXb1 are exactly identical!
WARNING: Sequences 081devTXa1 and 458menTXa1 are exactly identical!
WARNING: Sequences 081devTXa1 and 458menTXb1 are exactly identical!
WARNING: Sequences 081devTXa1 and 477devTXa1 are exactly identical!
WARNING: Sequences 081devTXa1 and 477devTXb1 are exactly identical!
WARNING: Sequences 081devTXa1 and 478devTXa1 are exactly identical!
WARNING: Sequences 081devTXa1 and 478devTXb1 are exactly identical!
WARNING: Sequences 081devTXa1 and 479devTXa1 are exactly identical!
WARNING: Sequences 081devTXa1 and 479devTXb1 are exactly identical!
WARNING: Sequences 081devTXb1 and 376sabTXb1 are exactly identical!
WARNING: Sequences 128okaFLb3 and 298blkFLb3 are exactly identical!
WARNING: Sequences 128okaFLb3 and 451dedFLa3 are exactly identical!
WARNING: Sequences 128okaFLb3 and 455htwFLa3 are exactly identical!
WARNING: Sequences 130chwALa3 and 270disVAa3 are exactly identical!
WARNING: Sequences 171jonGAa3 and 270disVAb3 are exactly identical!
WARNING: Sequences 171jonGAa3 and 288chwALa3 are exactly identical!
WARNING: Sequences 171jonGAa3 and 295ponFLa3 are exactly identical!
WARNING: Sequences 171jonGAa3 and 393dedFLb3 are exactly identical!
WARNING: Sequences 171jonGAa3 and 455htwFLb3 are exactly identical!
WARNING: Sequences 174benMOb2 and 339delMSa2 are exactly identical!
WARNING: Sequences 295ponFLb3 and 305desMSa3 are exactly identical!
WARNING: Sequences 295ponFLb3 and 311oakALb3 are exactly identical!
WARNING: Sequences 295ponFLb3 and 330rauILa3 are exactly identical!
WARNING: Sequences 295ponFLb3 and 330rauILb3 are exactly identical!
WARNING: Sequences 295ponFLb3 and 339delMSb2 are exactly identical!
WARNING: Sequences 298blkFLa3 and 380granLa2 are exactly identical!
WARNING: Sequences 388indLAa2 and 388indLAb2 are exactly identical!
WARNING: Sequences 393dedFLa3 and 451dedFLb3 are exactly identical!
WARNING: Duplicate sequences found: 115

NOTE: Reduced alignment (with duplicates and gap-only sites/taxa removed) 
NOTE: was saved to: /projects/tallis/aditikg2/tutorials/aditikg2_project/output/Scincella/Scincella_PRLR.phylip.raxml.reduced.phy

Alignment comprises 1 partitions and 46 patterns

Partition 0: noname
Model: GTR+FO+G4m
Alignment sites / patterns: 569 / 46
Gaps: 0.02 %
Invariant sites: 92.79 %


NOTE: Binary MSA file created: /projects/tallis/aditikg2/tutorials/aditikg2_project/output/Scincella/Scincella_PRLR.phylip.raxml.rba

[00:00:00] Generating 10 random starting tree(s) with 141 taxa
[00:00:00] Generating 10 parsimony starting tree(s) with 141 taxa
[00:00:00] Data distribution: max. partitions/sites/weight per thread: 1 / 46 / 736

Starting ML tree search with 20 distinct starting trees

[00:00:00 -4627.928810] Initial branch length optimization
[00:00:00 -2188.698483] Model parameter optimization (eps = 10.000000)
[00:00:00 -1729.552887] AUTODETECT spr round 1 (radius: 5)
[00:00:00 -1367.085600] AUTODETECT spr round 2 (radius: 10)
[00:00:01 -1147.294914] AUTODETECT spr round 3 (radius: 15)
[00:00:01 -1140.861269] AUTODETECT spr round 4 (radius: 20)
[00:00:01 -1135.055543] AUTODETECT spr round 5 (radius: 25)
[00:00:01 -1135.055541] SPR radius for FAST iterations: 20 (autodetect)
[00:00:01 -1135.055541] Model parameter optimization (eps = 3.000000)
[00:00:01 -1119.777330] FAST spr round 1 (radius: 20)
[00:00:02 -1091.330421] FAST spr round 2 (radius: 20)
[00:00:02 -1091.330417] Model parameter optimization (eps = 1.000000)
[00:00:02 -1091.078517] SLOW spr round 1 (radius: 5)
[00:00:02 -1091.078516] SLOW spr round 2 (radius: 10)
[00:00:03 -1091.078516] SLOW spr round 3 (radius: 15)
[00:00:03 -1091.078516] SLOW spr round 4 (radius: 20)
[00:00:04 -1091.078512] SLOW spr round 5 (radius: 25)
[00:00:04 -1091.078510] Model parameter optimization (eps = 0.100000)

[00:00:04] ML tree search #1, logLikelihood: -1091.077557

[00:00:04 -4613.119916] Initial branch length optimization
[00:00:04 -2107.577825] Model parameter optimization (eps = 10.000000)
[00:00:05 -1701.189754] AUTODETECT spr round 1 (radius: 5)
[00:00:05 -1391.276728] AUTODETECT spr round 2 (radius: 10)
[00:00:05 -1220.175071] AUTODETECT spr round 3 (radius: 15)
[00:00:05 -1154.150423] AUTODETECT spr round 4 (radius: 20)
[00:00:06 -1148.342349] AUTODETECT spr round 5 (radius: 25)
[00:00:06 -1137.816344] SPR radius for FAST iterations: 25 (autodetect)
[00:00:06 -1137.816344] Model parameter optimization (eps = 3.000000)
[00:00:06 -1125.736920] FAST spr round 1 (radius: 25)
[00:00:06 -1091.381086] FAST spr round 2 (radius: 25)
[00:00:07 -1091.381028] Model parameter optimization (eps = 1.000000)
[00:00:07 -1091.078410] SLOW spr round 1 (radius: 5)
[00:00:07 -1091.078399] SLOW spr round 2 (radius: 10)
[00:00:08 -1091.078399] SLOW spr round 3 (radius: 15)
[00:00:08 -1091.078397] SLOW spr round 4 (radius: 20)
[00:00:09 -1091.078397] SLOW spr round 5 (radius: 25)
[00:00:09 -1091.078397] Model parameter optimization (eps = 0.100000)

[00:00:09] ML tree search #2, logLikelihood: -1091.077562

[00:00:09 -4610.740258] Initial branch length optimization
[00:00:09 -2122.444209] Model parameter optimization (eps = 10.000000)
[00:00:10 -1708.394391] AUTODETECT spr round 1 (radius: 5)
[00:00:10 -1371.874431] AUTODETECT spr round 2 (radius: 10)
[00:00:10 -1191.586758] AUTODETECT spr round 3 (radius: 15)
[00:00:10 -1178.251327] AUTODETECT spr round 4 (radius: 20)
[00:00:11 -1164.691950] AUTODETECT spr round 5 (radius: 25)
[00:00:11 -1164.691875] SPR radius for FAST iterations: 20 (autodetect)
[00:00:11 -1164.691875] Model parameter optimization (eps = 3.000000)
[00:00:11 -1148.992552] FAST spr round 1 (radius: 20)
[00:00:11 -1119.101093] FAST spr round 2 (radius: 20)
[00:00:12 -1092.187702] FAST spr round 3 (radius: 20)
[00:00:12 -1092.187702] Model parameter optimization (eps = 1.000000)
[00:00:12 -1091.402990] SLOW spr round 1 (radius: 5)
[00:00:12 -1091.402985] SLOW spr round 2 (radius: 10)
[00:00:13 -1091.165776] SLOW spr round 3 (radius: 5)
[00:00:13 -1091.165771] SLOW spr round 4 (radius: 10)
[00:00:14 -1091.165769] SLOW spr round 5 (radius: 15)
[00:00:15 -1091.165769] SLOW spr round 6 (radius: 20)
[00:00:15 -1091.165769] SLOW spr round 7 (radius: 25)
[00:00:16 -1091.165769] Model parameter optimization (eps = 0.100000)

[00:00:16] ML tree search #3, logLikelihood: -1091.077588

[00:00:16 -4622.478274] Initial branch length optimization
[00:00:16 -2158.335892] Model parameter optimization (eps = 10.000000)
[00:00:16 -1721.034670] AUTODETECT spr round 1 (radius: 5)
[00:00:16 -1492.994511] AUTODETECT spr round 2 (radius: 10)
[00:00:17 -1307.854097] AUTODETECT spr round 3 (radius: 15)
[00:00:17 -1151.016752] AUTODETECT spr round 4 (radius: 20)
[00:00:17 -1135.274475] AUTODETECT spr round 5 (radius: 25)
[00:00:17 -1135.274471] SPR radius for FAST iterations: 20 (autodetect)
[00:00:17 -1135.274471] Model parameter optimization (eps = 3.000000)
[00:00:18 -1122.048336] FAST spr round 1 (radius: 20)
[00:00:18 -1091.337379] FAST spr round 2 (radius: 20)
[00:00:18 -1091.337367] Model parameter optimization (eps = 1.000000)
[00:00:18 -1091.078757] SLOW spr round 1 (radius: 5)
[00:00:19 -1091.078754] SLOW spr round 2 (radius: 10)
[00:00:19 -1091.078754] SLOW spr round 3 (radius: 15)
[00:00:20 -1091.078754] SLOW spr round 4 (radius: 20)
[00:00:20 -1091.078754] SLOW spr round 5 (radius: 25)
[00:00:21 -1091.078754] Model parameter optimization (eps = 0.100000)

[00:00:21] ML tree search #4, logLikelihood: -1091.077561

[00:00:21 -4591.967648] Initial branch length optimization
[00:00:21 -2056.524887] Model parameter optimization (eps = 10.000000)
[00:00:21 -1701.377699] AUTODETECT spr round 1 (radius: 5)
[00:00:21 -1400.490140] AUTODETECT spr round 2 (radius: 10)
[00:00:22 -1195.740533] AUTODETECT spr round 3 (radius: 15)
[00:00:22 -1148.616048] AUTODETECT spr round 4 (radius: 20)
[00:00:22 -1144.428508] AUTODETECT spr round 5 (radius: 25)
[00:00:22 -1139.284584] SPR radius for FAST iterations: 25 (autodetect)
[00:00:22 -1139.284584] Model parameter optimization (eps = 3.000000)
[00:00:23 -1131.141472] FAST spr round 1 (radius: 25)
[00:00:23 -1091.424894] FAST spr round 2 (radius: 25)
[00:00:23 -1091.424893] Model parameter optimization (eps = 1.000000)
[00:00:23 -1091.078537] SLOW spr round 1 (radius: 5)
[00:00:24 -1091.078527] SLOW spr round 2 (radius: 10)
[00:00:24 -1091.078527] SLOW spr round 3 (radius: 15)
[00:00:25 -1091.078527] SLOW spr round 4 (radius: 20)
[00:00:25 -1091.078527] SLOW spr round 5 (radius: 25)
[00:00:25 -1091.078527] Model parameter optimization (eps = 0.100000)

[00:00:26] ML tree search #5, logLikelihood: -1091.077569

[00:00:26 -4628.112367] Initial branch length optimization
[00:00:26 -2164.639901] Model parameter optimization (eps = 10.000000)
[00:00:26 -1719.995512] AUTODETECT spr round 1 (radius: 5)
[00:00:26 -1363.163899] AUTODETECT spr round 2 (radius: 10)
[00:00:26 -1186.691971] AUTODETECT spr round 3 (radius: 15)
[00:00:27 -1125.407054] AUTODETECT spr round 4 (radius: 20)
[00:00:27 -1125.406067] SPR radius for FAST iterations: 15 (autodetect)
[00:00:27 -1125.406067] Model parameter optimization (eps = 3.000000)
[00:00:27 -1111.012972] FAST spr round 1 (radius: 15)
[00:00:27 -1091.727130] FAST spr round 2 (radius: 15)
[00:00:28 -1091.727121] Model parameter optimization (eps = 1.000000)
[00:00:28 -1091.403593] SLOW spr round 1 (radius: 5)
[00:00:28 -1091.403328] SLOW spr round 2 (radius: 10)
[00:00:29 -1091.403325] SLOW spr round 3 (radius: 15)
[00:00:29 -1091.403324] SLOW spr round 4 (radius: 20)
[00:00:30 -1091.403324] SLOW spr round 5 (radius: 25)
[00:00:30 -1091.403324] Model parameter optimization (eps = 0.100000)

[00:00:30] ML tree search #6, logLikelihood: -1091.401529

[00:00:30 -4636.171963] Initial branch length optimization
[00:00:30 -2178.661578] Model parameter optimization (eps = 10.000000)
[00:00:30 -1731.952932] AUTODETECT spr round 1 (radius: 5)
[00:00:31 -1386.964655] AUTODETECT spr round 2 (radius: 10)
[00:00:31 -1263.390355] AUTODETECT spr round 3 (radius: 15)
[00:00:31 -1146.116807] AUTODETECT spr round 4 (radius: 20)
[00:00:31 -1146.116776] SPR radius for FAST iterations: 15 (autodetect)
[00:00:31 -1146.116776] Model parameter optimization (eps = 3.000000)
[00:00:32 -1131.371213] FAST spr round 1 (radius: 15)
[00:00:32 -1091.781804] FAST spr round 2 (radius: 15)
[00:00:32 -1091.781798] Model parameter optimization (eps = 1.000000)
[00:00:32 -1091.078958] SLOW spr round 1 (radius: 5)
[00:00:33 -1091.078956] SLOW spr round 2 (radius: 10)
[00:00:33 -1091.078956] SLOW spr round 3 (radius: 15)
[00:00:34 -1091.078956] SLOW spr round 4 (radius: 20)
[00:00:34 -1091.078956] SLOW spr round 5 (radius: 25)
[00:00:35 -1091.078956] Model parameter optimization (eps = 0.100000)

[00:00:35] ML tree search #7, logLikelihood: -1091.077563

[00:00:35 -4641.572035] Initial branch length optimization
[00:00:35 -2191.306964] Model parameter optimization (eps = 10.000000)
[00:00:35 -1731.169599] AUTODETECT spr round 1 (radius: 5)
[00:00:35 -1414.686508] AUTODETECT spr round 2 (radius: 10)
[00:00:36 -1264.561985] AUTODETECT spr round 3 (radius: 15)
[00:00:36 -1192.186284] AUTODETECT spr round 4 (radius: 20)
[00:00:36 -1192.183790] SPR radius for FAST iterations: 15 (autodetect)
[00:00:36 -1192.183790] Model parameter optimization (eps = 3.000000)
[00:00:37 -1175.019658] FAST spr round 1 (radius: 15)
[00:00:37 -1091.998767] FAST spr round 2 (radius: 15)
[00:00:37 -1091.998762] Model parameter optimization (eps = 1.000000)
[00:00:37 -1091.078555] SLOW spr round 1 (radius: 5)
[00:00:38 -1091.078553] SLOW spr round 2 (radius: 10)
[00:00:38 -1091.078553] SLOW spr round 3 (radius: 15)
[00:00:39 -1091.078553] SLOW spr round 4 (radius: 20)
[00:00:39 -1091.078553] SLOW spr round 5 (radius: 25)
[00:00:40 -1091.078553] Model parameter optimization (eps = 0.100000)

[00:00:40] ML tree search #8, logLikelihood: -1091.077568

[00:00:40 -4644.255648] Initial branch length optimization
[00:00:40 -2201.272911] Model parameter optimization (eps = 10.000000)
[00:00:40 -1726.312910] AUTODETECT spr round 1 (radius: 5)
[00:00:40 -1355.961110] AUTODETECT spr round 2 (radius: 10)
[00:00:41 -1218.685727] AUTODETECT spr round 3 (radius: 15)
[00:00:41 -1194.802577] AUTODETECT spr round 4 (radius: 20)
[00:00:41 -1176.307030] AUTODETECT spr round 5 (radius: 25)
[00:00:41 -1171.108350] SPR radius for FAST iterations: 25 (autodetect)
[00:00:41 -1171.108350] Model parameter optimization (eps = 3.000000)
[00:00:42 -1155.141056] FAST spr round 1 (radius: 25)
[00:00:42 -1091.757205] FAST spr round 2 (radius: 25)
[00:00:42 -1091.757196] Model parameter optimization (eps = 1.000000)
[00:00:42 -1091.079065] SLOW spr round 1 (radius: 5)
[00:00:43 -1091.079059] SLOW spr round 2 (radius: 10)
[00:00:43 -1091.079059] SLOW spr round 3 (radius: 15)
[00:00:44 -1091.079059] SLOW spr round 4 (radius: 20)
[00:00:44 -1091.079059] SLOW spr round 5 (radius: 25)
[00:00:44 -1091.079059] Model parameter optimization (eps = 0.100000)

[00:00:44] ML tree search #9, logLikelihood: -1091.077570

[00:00:44 -4620.610757] Initial branch length optimization
[00:00:44 -2135.802781] Model parameter optimization (eps = 10.000000)
[00:00:45 -1707.880638] AUTODETECT spr round 1 (radius: 5)
[00:00:45 -1371.285698] AUTODETECT spr round 2 (radius: 10)
[00:00:45 -1228.367617] AUTODETECT spr round 3 (radius: 15)
[00:00:46 -1124.671481] AUTODETECT spr round 4 (radius: 20)
[00:00:46 -1118.869524] AUTODETECT spr round 5 (radius: 25)
[00:00:46 -1118.869524] SPR radius for FAST iterations: 20 (autodetect)
[00:00:46 -1118.869524] Model parameter optimization (eps = 3.000000)
[00:00:46 -1104.665988] FAST spr round 1 (radius: 20)
[00:00:47 -1091.408274] FAST spr round 2 (radius: 20)
[00:00:47 -1091.408270] Model parameter optimization (eps = 1.000000)
[00:00:47 -1091.078564] SLOW spr round 1 (radius: 5)
[00:00:47 -1091.078559] SLOW spr round 2 (radius: 10)
[00:00:48 -1091.078559] SLOW spr round 3 (radius: 15)
[00:00:48 -1091.078559] SLOW spr round 4 (radius: 20)
[00:00:49 -1091.078559] SLOW spr round 5 (radius: 25)
[00:00:49 -1091.078559] Model parameter optimization (eps = 0.100000)

[00:00:49] ML tree search #10, logLikelihood: -1091.077569

[00:00:49 -3988.462082] Initial branch length optimization
[00:00:49 -1116.399253] Model parameter optimization (eps = 10.000000)
[00:00:49 -1091.402392] AUTODETECT spr round 1 (radius: 5)
[00:00:50 -1091.402380] SPR radius for FAST iterations: 5 (autodetect)
[00:00:50 -1091.402380] Model parameter optimization (eps = 3.000000)
[00:00:50 -1091.401833] FAST spr round 1 (radius: 5)
[00:00:50 -1091.401668] Model parameter optimization (eps = 1.000000)
[00:00:50 -1091.401666] SLOW spr round 1 (radius: 5)
[00:00:50 -1091.401538] SLOW spr round 2 (radius: 10)
[00:00:50 -1091.151667] SLOW spr round 3 (radius: 5)
[00:00:51 -1091.151625] SLOW spr round 4 (radius: 10)
[00:00:51 -1091.151625] SLOW spr round 5 (radius: 15)
[00:00:52 -1091.151625] SLOW spr round 6 (radius: 20)
[00:00:52 -1091.151625] SLOW spr round 7 (radius: 25)
[00:00:52 -1091.151625] Model parameter optimization (eps = 0.100000)

[00:00:52] ML tree search #11, logLikelihood: -1091.077618

[00:00:52 -3988.457844] Initial branch length optimization
[00:00:52 -1120.183664] Model parameter optimization (eps = 10.000000)
[00:00:52 -1095.074206] AUTODETECT spr round 1 (radius: 5)
[00:00:53 -1091.154576] AUTODETECT spr round 2 (radius: 10)
[00:00:53 -1091.154576] SPR radius for FAST iterations: 5 (autodetect)
[00:00:53 -1091.154576] Model parameter optimization (eps = 3.000000)
[00:00:53 -1091.077605] FAST spr round 1 (radius: 5)
[00:00:53 -1091.077604] Model parameter optimization (eps = 1.000000)
[00:00:53 -1091.077565] SLOW spr round 1 (radius: 5)
[00:00:53 -1091.077562] SLOW spr round 2 (radius: 10)
[00:00:54 -1091.077560] SLOW spr round 3 (radius: 15)
[00:00:54 -1091.077560] SLOW spr round 4 (radius: 20)
[00:00:54 -1091.077560] SLOW spr round 5 (radius: 25)
[00:00:55 -1091.077560] Model parameter optimization (eps = 0.100000)

[00:00:55] ML tree search #12, logLikelihood: -1091.077559

[00:00:55 -3988.457395] Initial branch length optimization
[00:00:55 -1116.399244] Model parameter optimization (eps = 10.000000)
[00:00:55 -1091.402397] AUTODETECT spr round 1 (radius: 5)
[00:00:55 -1091.402354] SPR radius for FAST iterations: 5 (autodetect)
[00:00:55 -1091.402354] Model parameter optimization (eps = 3.000000)
[00:00:55 -1091.401807] FAST spr round 1 (radius: 5)
[00:00:55 -1091.401807] Model parameter optimization (eps = 1.000000)
[00:00:55 -1091.401805] SLOW spr round 1 (radius: 5)
[00:00:56 -1091.401665] SLOW spr round 2 (radius: 10)
[00:00:56 -1091.401540] SLOW spr round 3 (radius: 15)
[00:00:56 -1091.401540] SLOW spr round 4 (radius: 20)
[00:00:57 -1091.401540] SLOW spr round 5 (radius: 25)
[00:00:57 -1091.401540] Model parameter optimization (eps = 0.100000)

[00:00:57] ML tree search #13, logLikelihood: -1091.401539

[00:00:57 -3988.461973] Initial branch length optimization
[00:00:57 -1116.399223] Model parameter optimization (eps = 10.000000)
[00:00:57 -1091.402402] AUTODETECT spr round 1 (radius: 5)
[00:00:57 -1091.402356] SPR radius for FAST iterations: 5 (autodetect)
[00:00:57 -1091.402356] Model parameter optimization (eps = 3.000000)
[00:00:57 -1091.401808] FAST spr round 1 (radius: 5)
[00:00:57 -1091.401808] Model parameter optimization (eps = 1.000000)
[00:00:57 -1091.401806] SLOW spr round 1 (radius: 5)
[00:00:58 -1091.401803] SLOW spr round 2 (radius: 10)
[00:00:58 -1091.151637] SLOW spr round 3 (radius: 5)
[00:00:58 -1091.151637] SLOW spr round 4 (radius: 10)
[00:00:59 -1091.151637] SLOW spr round 5 (radius: 15)
[00:00:59 -1091.151637] SLOW spr round 6 (radius: 20)
[00:00:59 -1091.151636] SLOW spr round 7 (radius: 25)
[00:01:00 -1091.151636] Model parameter optimization (eps = 0.100000)

[00:01:00] ML tree search #14, logLikelihood: -1091.077623

[00:01:00 -3988.457516] Initial branch length optimization
[00:01:00 -1120.183693] Model parameter optimization (eps = 10.000000)
[00:01:00 -1094.750399] AUTODETECT spr round 1 (radius: 5)
[00:01:00 -1091.084328] AUTODETECT spr round 2 (radius: 10)
[00:01:00 -1091.084328] SPR radius for FAST iterations: 5 (autodetect)
[00:01:00 -1091.084328] Model parameter optimization (eps = 3.000000)
[00:01:00 -1091.077674] FAST spr round 1 (radius: 5)
[00:01:00 -1091.077674] Model parameter optimization (eps = 1.000000)
[00:01:01 -1091.077562] SLOW spr round 1 (radius: 5)
[00:01:01 -1091.077559] SLOW spr round 2 (radius: 10)
[00:01:01 -1091.077559] SLOW spr round 3 (radius: 15)
[00:01:02 -1091.077559] SLOW spr round 4 (radius: 20)
[00:01:02 -1091.077559] SLOW spr round 5 (radius: 25)
[00:01:02 -1091.077559] Model parameter optimization (eps = 0.100000)

[00:01:02] ML tree search #15, logLikelihood: -1091.077559

[00:01:02 -3988.462038] Initial branch length optimization
[00:01:02 -1116.399130] Model parameter optimization (eps = 10.000000)
[00:01:02 -1092.733601] AUTODETECT spr round 1 (radius: 5)
[00:01:02 -1092.733585] SPR radius for FAST iterations: 5 (autodetect)
[00:01:02 -1092.733585] Model parameter optimization (eps = 3.000000)
[00:01:02 -1092.733062] FAST spr round 1 (radius: 5)
[00:01:03 -1092.733062] Model parameter optimization (eps = 1.000000)
[00:01:03 -1092.733061] SLOW spr round 1 (radius: 5)
[00:01:03 -1092.733056] SLOW spr round 2 (radius: 10)
[00:01:03 -1091.533419] SLOW spr round 3 (radius: 5)
[00:01:04 -1091.533338] SLOW spr round 4 (radius: 10)
[00:01:04 -1091.533338] SLOW spr round 5 (radius: 15)
[00:01:04 -1091.533338] SLOW spr round 6 (radius: 20)
[00:01:05 -1091.533338] SLOW spr round 7 (radius: 25)
[00:01:05 -1091.533338] Model parameter optimization (eps = 0.100000)

[00:01:05] ML tree search #16, logLikelihood: -1091.401543

[00:01:05 -3988.462037] Initial branch length optimization
[00:01:05 -1116.399122] Model parameter optimization (eps = 10.000000)
[00:01:05 -1091.402415] AUTODETECT spr round 1 (radius: 5)
[00:01:05 -1091.402108] SPR radius for FAST iterations: 5 (autodetect)
[00:01:05 -1091.402108] Model parameter optimization (eps = 3.000000)
[00:01:05 -1091.401544] FAST spr round 1 (radius: 5)
[00:01:06 -1091.401544] Model parameter optimization (eps = 1.000000)
[00:01:06 -1091.401542] SLOW spr round 1 (radius: 5)
[00:01:06 -1091.401542] SLOW spr round 2 (radius: 10)
[00:01:06 -1091.401542] SLOW spr round 3 (radius: 15)
[00:01:07 -1091.401542] SLOW spr round 4 (radius: 20)
[00:01:07 -1091.401542] SLOW spr round 5 (radius: 25)
[00:01:07 -1091.401542] Model parameter optimization (eps = 0.100000)

[00:01:07] ML tree search #17, logLikelihood: -1091.401541

[00:01:07 -3988.462082] Initial branch length optimization
[00:01:07 -1116.399125] Model parameter optimization (eps = 10.000000)
[00:01:07 -1092.733601] AUTODETECT spr round 1 (radius: 5)
[00:01:08 -1092.733584] SPR radius for FAST iterations: 5 (autodetect)
[00:01:08 -1092.733584] Model parameter optimization (eps = 3.000000)
[00:01:08 -1092.733061] FAST spr round 1 (radius: 5)
[00:01:08 -1092.733061] Model parameter optimization (eps = 1.000000)
[00:01:08 -1092.733060] SLOW spr round 1 (radius: 5)
[00:01:08 -1092.733056] SLOW spr round 2 (radius: 10)
[00:01:08 -1092.733055] SLOW spr round 3 (radius: 15)
[00:01:09 -1092.733055] SLOW spr round 4 (radius: 20)
[00:01:09 -1091.533337] SLOW spr round 5 (radius: 5)
[00:01:09 -1091.533337] SLOW spr round 6 (radius: 10)
[00:01:10 -1091.533337] SLOW spr round 7 (radius: 15)
[00:01:10 -1091.533337] SLOW spr round 8 (radius: 20)
[00:01:10 -1091.533337] SLOW spr round 9 (radius: 25)
[00:01:11 -1091.533337] Model parameter optimization (eps = 0.100000)

[00:01:11] ML tree search #18, logLikelihood: -1091.401542

[00:01:11 -3988.457844] Initial branch length optimization
[00:01:11 -1120.183642] Model parameter optimization (eps = 10.000000)
[00:01:11 -1095.074199] AUTODETECT spr round 1 (radius: 5)
[00:01:11 -1095.074184] SPR radius for FAST iterations: 5 (autodetect)
[00:01:11 -1095.074184] Model parameter optimization (eps = 3.000000)
[00:01:11 -1095.073630] FAST spr round 1 (radius: 5)
[00:01:11 -1095.073630] Model parameter optimization (eps = 1.000000)
[00:01:11 -1095.073629] SLOW spr round 1 (radius: 5)
[00:01:12 -1091.402614] SLOW spr round 2 (radius: 5)
[00:01:12 -1091.402371] SLOW spr round 3 (radius: 10)
[00:01:12 -1091.402367] SLOW spr round 4 (radius: 15)
[00:01:13 -1091.402367] SLOW spr round 5 (radius: 20)
[00:01:13 -1091.402367] SLOW spr round 6 (radius: 25)
[00:01:13 -1091.402367] Model parameter optimization (eps = 0.100000)

[00:01:13] ML tree search #19, logLikelihood: -1091.401543

[00:01:13 -3988.462060] Initial branch length optimization
[00:01:13 -1116.399239] Model parameter optimization (eps = 10.000000)
[00:01:14 -1091.402365] AUTODETECT spr round 1 (radius: 5)
[00:01:14 -1091.402357] SPR radius for FAST iterations: 5 (autodetect)
[00:01:14 -1091.402357] Model parameter optimization (eps = 3.000000)
[00:01:14 -1091.401811] FAST spr round 1 (radius: 5)
[00:01:14 -1091.401547] Model parameter optimization (eps = 1.000000)
[00:01:14 -1091.401546] SLOW spr round 1 (radius: 5)
[00:01:14 -1091.151622] SLOW spr round 2 (radius: 5)
[00:01:15 -1091.151622] SLOW spr round 3 (radius: 10)
[00:01:15 -1091.151622] SLOW spr round 4 (radius: 15)
[00:01:15 -1091.151622] SLOW spr round 5 (radius: 20)
[00:01:16 -1091.151622] SLOW spr round 6 (radius: 25)
[00:01:16 -1091.151622] Model parameter optimization (eps = 0.100000)

[00:01:16] ML tree search #20, logLikelihood: -1091.077623


Optimized model parameters:

   Partition 0: noname
   Rate heterogeneity: GAMMA (4 cats, mean),  alpha: 0.196525 (ML),  weights&rates: (0.250000,0.000470) (0.250000,0.031795) (0.250000,0.374527) (0.250000,3.593208) 
   Base frequencies (ML): 0.334039 0.215306 0.231823 0.218832 
   Substitution rates (ML): 0.691271 2.158003 0.366629 0.953684 4.952112 1.000000 


Final LogLikelihood: -1091.077557

AIC score: 2758.155114 / AICc score: 3352.669400 / BIC score: 4009.192679
Free parameters (model + branch lengths): 288

Best ML tree saved to: /projects/tallis/aditikg2/tutorials/aditikg2_project/output/Scincella/Scincella_PRLR.phylip.raxml.bestTree
All ML trees saved to: /projects/tallis/aditikg2/tutorials/aditikg2_project/output/Scincella/Scincella_PRLR.phylip.raxml.mlTrees
Optimized model saved to: /projects/tallis/aditikg2/tutorials/aditikg2_project/output/Scincella/Scincella_PRLR.phylip.raxml.bestModel

Execution log saved to: /projects/tallis/aditikg2/tutorials/aditikg2_project/output/Scincella/Scincella_PRLR.phylip.raxml.log

Analysis started: 24-Jul-2019 17:42:55 / finished: 24-Jul-2019 17:44:12

Elapsed time: 76.443 seconds

