
RAxML-NG v. 0.9.0 released on 20.05.2019 by The Exelixis Lab.
Developed by: Alexey M. Kozlov and Alexandros Stamatakis.
Contributors: Diego Darriba, Tomas Flouri, Benoit Morel, Sarah Lutteropp, Ben Bettisworth.
Latest version: https://github.com/amkozlov/raxml-ng
Questions/problems/suggestions? Please visit: https://groups.google.com/forum/#!forum/raxml

RAxML-NG was called at 24-Jul-2019 17:37:57 as follows:

/projects/tallis/reu2019/software/raxml-ng-0.9.0/raxml-ng --msa /projects/tallis/aditikg2/tutorials/aditikg2_project/output/Scincella/Scincella_622.phylip --model GTR+G --threads 1

Analysis options:
  run mode: ML tree search
  start tree(s): random (10) + parsimony (10)
  random seed: 1564007877
  tip-inner: OFF
  pattern compression: ON
  per-rate scalers: OFF
  site repeats: ON
  fast spr radius: AUTO
  spr subtree cutoff: 1.000000
  branch lengths: proportional (ML estimate, algorithm: NR-FAST)
  SIMD kernels: AVX
  parallelization: NONE/sequential

[00:00:00] Reading alignment from file: /projects/tallis/aditikg2/tutorials/aditikg2_project/output/Scincella/Scincella_622.phylip
[00:00:00] Loaded alignment with 155 taxa and 521 sites

WARNING: Sequences 064smiTXa2 and 064smiTXb2 are exactly identical!
WARNING: Sequences 064smiTXa2 and 168helnLa2 are exactly identical!
WARNING: Sequences 064smiTXa2 and 195ticLAa2 are exactly identical!
WARNING: Sequences 064smiTXa2 and 274ochARa2 are exactly identical!
WARNING: Sequences 064smiTXa2 and 284steTXb1 are exactly identical!
WARNING: Sequences 064smiTXa2 and 353bonTXa2 are exactly identical!
WARNING: Sequences 064smiTXa2 and 353bonTXb2 are exactly identical!
WARNING: Sequences 064smiTXa2 and 355ftpTXb2 are exactly identical!
WARNING: Sequences 064smiTXa2 and 377barTXa1 are exactly identical!
WARNING: Sequences 064smiTXa2 and 377barTXb1 are exactly identical!
WARNING: Sequences 064smiTXa2 and 380granLa2 are exactly identical!
WARNING: Sequences 068choMSa2 and 095maryLa2 are exactly identical!
WARNING: Sequences 068choMSa2 and 211natTNa2 are exactly identical!
WARNING: Sequences 068choMSa2 and 330rauILa3 are exactly identical!
WARNING: Sequences 068choMSa2 and 330rauILb3 are exactly identical!
WARNING: Sequences 068choMSa2 and 384yogLAa2 are exactly identical!
WARNING: Sequences 068choMSa2 and 391escALa3 are exactly identical!
WARNING: Sequences 068choMSb2 and 095maryLb2 are exactly identical!
WARNING: Sequences 068choMSb2 and 211natTNb2 are exactly identical!
WARNING: Sequences 068choMSb2 and 287crkMSa2 are exactly identical!
WARNING: Sequences 068choMSb2 and 388indLAa2 are exactly identical!
WARNING: Sequences 068choMSb2 and 388indLAb2 are exactly identical!
WARNING: Sequences 075oscFLa3 and 266warSCa3 are exactly identical!
WARNING: Sequences 075oscFLa3 and 266warSCb3 are exactly identical!
WARNING: Sequences 075oscFLa3 and 267wacNCa3 are exactly identical!
WARNING: Sequences 075oscFLa3 and 267wacNCb3 are exactly identical!
WARNING: Sequences 075oscFLa3 and 270disVAa3 are exactly identical!
WARNING: Sequences 075oscFLa3 and 270disVAb3 are exactly identical!
WARNING: Sequences 075oscFLb3 and 450dedFLb3 are exactly identical!
WARNING: Sequences 081devTXa1 and 081devTXb1 are exactly identical!
WARNING: Sequences 081devTXa1 and 128okaFLa3 are exactly identical!
WARNING: Sequences 081devTXa1 and 180losTXa1 are exactly identical!
WARNING: Sequences 081devTXa1 and 181guaTXa1 are exactly identical!
WARNING: Sequences 081devTXa1 and 181guaTXb1 are exactly identical!
WARNING: Sequences 081devTXa1 and 182colTXa1 are exactly identical!
WARNING: Sequences 081devTXa1 and 276pedTXa1 are exactly identical!
WARNING: Sequences 081devTXa1 and 284steTXa1 are exactly identical!
WARNING: Sequences 081devTXa1 and 355ftpTXa2 are exactly identical!
WARNING: Sequences 081devTXa1 and 360palTXa1 are exactly identical!
WARNING: Sequences 081devTXa1 and 361palTXa1 are exactly identical!
WARNING: Sequences 081devTXa1 and 365losTXa1 are exactly identical!
WARNING: Sequences 081devTXa1 and 365losTXb1 are exactly identical!
WARNING: Sequences 081devTXa1 and 478devTXa1 are exactly identical!
WARNING: Sequences 102helnLa2 and 115hoopLa2 are exactly identical!
WARNING: Sequences 102helnLa2 and 137lurALa3 are exactly identical!
WARNING: Sequences 102helnLa2 and 143penKYa3 are exactly identical!
WARNING: Sequences 102helnLa2 and 167helnLa2 are exactly identical!
WARNING: Sequences 102helnLa2 and 167helnLb2 are exactly identical!
WARNING: Sequences 102helnLa2 and 171jonGAa3 are exactly identical!
WARNING: Sequences 102helnLa2 and 171jonGAb3 are exactly identical!
WARNING: Sequences 102helnLa2 and 286crkMSa2 are exactly identical!
WARNING: Sequences 102helnLa2 and 286crkMSb2 are exactly identical!
WARNING: Sequences 102helnLa2 and 295ponFLa3 are exactly identical!
WARNING: Sequences 102helnLa2 and 295ponFLb3 are exactly identical!
WARNING: Sequences 102helnLa2 and 298blkFLa3 are exactly identical!
WARNING: Sequences 102helnLa2 and 298blkFLb3 are exactly identical!
WARNING: Sequences 102helnLa2 and 305desMSa3 are exactly identical!
WARNING: Sequences 102helnLa2 and 305desMSb3 are exactly identical!
WARNING: Sequences 102helnLa2 and 308lurALa3 are exactly identical!
WARNING: Sequences 102helnLa2 and 308lurALb3 are exactly identical!
WARNING: Sequences 102helnLa2 and 311oakALa3 are exactly identical!
WARNING: Sequences 102helnLa2 and 312oakALa3 are exactly identical!
WARNING: Sequences 102helnLa2 and 326penKYa3 are exactly identical!
WARNING: Sequences 102helnLa2 and 326penKYb3 are exactly identical!
WARNING: Sequences 102helnLa2 and 328lanKYa3 are exactly identical!
WARNING: Sequences 102helnLa2 and 337ozkARa2 are exactly identical!
WARNING: Sequences 102helnLa2 and 339delMSb2 are exactly identical!
WARNING: Sequences 102helnLa2 and 347grnOKa2 are exactly identical!
WARNING: Sequences 102helnLa2 and 393dedFLa3 are exactly identical!
WARNING: Sequences 102helnLa2 and 393dedFLb3 are exactly identical!
WARNING: Sequences 102helnLa2 and 404amitLa2 are exactly identical!
WARNING: Sequences 102helnLa2 and 443escALb3 are exactly identical!
WARNING: Sequences 102helnLa2 and 446cavFLa3 are exactly identical!
WARNING: Sequences 102helnLa2 and 451dedFLa3 are exactly identical!
WARNING: Sequences 102helnLa2 and 455htwFLa3 are exactly identical!
WARNING: Sequences 102helnLa2 and 481escALb3 are exactly identical!
WARNING: Sequences 102helnLb2 and 115hoopLb2 are exactly identical!
WARNING: Sequences 102helnLb2 and 169helnLa2 are exactly identical!
WARNING: Sequences 102helnLb2 and 169helnLb2 are exactly identical!
WARNING: Sequences 137lurALb3 and 301blyALb3 are exactly identical!
WARNING: Sequences 142rocTNa3 and 142rocTNb3 are exactly identical!
WARNING: Sequences 142rocTNa3 and 143penKYb3 are exactly identical!
WARNING: Sequences 142rocTNa3 and 187leeLAa2 are exactly identical!
WARNING: Sequences 142rocTNa3 and 311oakALb3 are exactly identical!
WARNING: Sequences 142rocTNa3 and 312oakALb3 are exactly identical!
WARNING: Sequences 142rocTNa3 and 328lanKYb3 are exactly identical!
WARNING: Sequences 146trlMOa2 and 168helnLb2 are exactly identical!
WARNING: Sequences 146trlMOa2 and 174benMOb2 are exactly identical!
WARNING: Sequences 146trlMOa2 and 274ochARb2 are exactly identical!
WARNING: Sequences 146trlMOa2 and 337ozkARb2 are exactly identical!
WARNING: Sequences 146trlMOa2 and 347grnOKb2 are exactly identical!
WARNING: Sequences 174benMOa2 and 179palTXa1 are exactly identical!
WARNING: Sequences 174benMOa2 and 179palTXb1 are exactly identical!
WARNING: Sequences 180losTXb1 and 235guaTXa1 are exactly identical!
WARNING: Sequences 180losTXb1 and 235guaTXb1 are exactly identical!
WARNING: Sequences 180losTXb1 and 276pedTXb1 are exactly identical!
WARNING: Sequences 180losTXb1 and 277pedTXa1 are exactly identical!
WARNING: Sequences 180losTXb1 and 277pedTXb1 are exactly identical!
WARNING: Sequences 180losTXb1 and 278devTXa1 are exactly identical!
WARNING: Sequences 180losTXb1 and 278devTXb1 are exactly identical!
WARNING: Sequences 180losTXb1 and 361palTXb1 are exactly identical!
WARNING: Sequences 180losTXb1 and 364losTXa1 are exactly identical!
WARNING: Sequences 180losTXb1 and 364losTXb1 are exactly identical!
WARNING: Sequences 180losTXb1 and 366losTXa1 are exactly identical!
WARNING: Sequences 180losTXb1 and 366losTXb1 are exactly identical!
WARNING: Sequences 180losTXb1 and 376sabTXb1 are exactly identical!
WARNING: Sequences 180losTXb1 and 477devTXa1 are exactly identical!
WARNING: Sequences 180losTXb1 and 477devTXb1 are exactly identical!
WARNING: Sequences 180losTXb1 and 478devTXb1 are exactly identical!
WARNING: Sequences 180losTXb1 and 479devTXa1 are exactly identical!
WARNING: Sequences 180losTXb1 and 479devTXb1 are exactly identical!
WARNING: Sequences 187leeLAb2 and 195ticLAb2 are exactly identical!
WARNING: Sequences 187leeLAb2 and 431hamLAb2 are exactly identical!
WARNING: Sequences 339delMSa2 and 431hamLAa2 are exactly identical!
WARNING: Sequences 339delMSa2 and 443escALa3 are exactly identical!
WARNING: Sequences 339delMSa2 and 481escALa3 are exactly identical!
WARNING: Sequences 444escALa3 and 444escALb3 are exactly identical!
WARNING: Sequences 446cavFLb3 and 451dedFLb3 are exactly identical!
WARNING: Sequences 446cavFLb3 and 455htwFLb3 are exactly identical!
WARNING: Sequences 458menTXa1 and 458menTXb1 are exactly identical!
WARNING: Duplicate sequences found: 120

NOTE: Reduced alignment (with duplicates and gap-only sites/taxa removed) 
NOTE: was saved to: /projects/tallis/aditikg2/tutorials/aditikg2_project/output/Scincella/Scincella_622.phylip.raxml.reduced.phy

Alignment comprises 1 partitions and 59 patterns

Partition 0: noname
Model: GTR+FO+G4m
Alignment sites / patterns: 521 / 59
Gaps: 0.66 %
Invariant sites: 91.17 %


NOTE: Binary MSA file created: /projects/tallis/aditikg2/tutorials/aditikg2_project/output/Scincella/Scincella_622.phylip.raxml.rba

[00:00:00] Generating 10 random starting tree(s) with 155 taxa
[00:00:00] Generating 10 parsimony starting tree(s) with 155 taxa
[00:00:00] Data distribution: max. partitions/sites/weight per thread: 1 / 59 / 944

Starting ML tree search with 20 distinct starting trees

[00:00:00 -4589.924620] Initial branch length optimization
[00:00:00 -2191.446007] Model parameter optimization (eps = 10.000000)
[00:00:00 -1829.862593] AUTODETECT spr round 1 (radius: 5)
[00:00:00 -1389.631623] AUTODETECT spr round 2 (radius: 10)
[00:00:01 -1120.578528] AUTODETECT spr round 3 (radius: 15)
[00:00:01 -1078.898180] AUTODETECT spr round 4 (radius: 20)
[00:00:02 -1072.983119] AUTODETECT spr round 5 (radius: 25)
[00:00:02 -1072.982928] SPR radius for FAST iterations: 20 (autodetect)
[00:00:02 -1072.982928] Model parameter optimization (eps = 3.000000)
[00:00:02 -1066.265069] FAST spr round 1 (radius: 20)
[00:00:03 -1028.768749] FAST spr round 2 (radius: 20)
[00:00:03 -1028.768727] Model parameter optimization (eps = 1.000000)
[00:00:03 -1025.424285] SLOW spr round 1 (radius: 5)
[00:00:04 -1025.424274] SLOW spr round 2 (radius: 10)
[00:00:04 -1025.424265] SLOW spr round 3 (radius: 15)
[00:00:05 -1025.424263] SLOW spr round 4 (radius: 20)
[00:00:06 -1025.424260] SLOW spr round 5 (radius: 25)
[00:00:06 -1025.424257] Model parameter optimization (eps = 0.100000)

[00:00:06] ML tree search #1, logLikelihood: -1025.424251

[00:00:06 -4586.638390] Initial branch length optimization
[00:00:06 -2158.137908] Model parameter optimization (eps = 10.000000)
[00:00:07 -1809.652913] AUTODETECT spr round 1 (radius: 5)
[00:00:07 -1344.310778] AUTODETECT spr round 2 (radius: 10)
[00:00:07 -1151.088848] AUTODETECT spr round 3 (radius: 15)
[00:00:08 -1096.612286] AUTODETECT spr round 4 (radius: 20)
[00:00:08 -1092.148716] AUTODETECT spr round 5 (radius: 25)
[00:00:08 -1092.148715] SPR radius for FAST iterations: 20 (autodetect)
[00:00:09 -1092.148715] Model parameter optimization (eps = 3.000000)
[00:00:09 -1085.682648] FAST spr round 1 (radius: 20)
[00:00:09 -1038.567707] FAST spr round 2 (radius: 20)
[00:00:09 -1030.959027] FAST spr round 3 (radius: 20)
[00:00:10 -1030.959024] Model parameter optimization (eps = 1.000000)
[00:00:10 -1025.425404] SLOW spr round 1 (radius: 5)
[00:00:10 -1025.425366] SLOW spr round 2 (radius: 10)
[00:00:11 -1025.425364] SLOW spr round 3 (radius: 15)
[00:00:12 -1025.425361] SLOW spr round 4 (radius: 20)
[00:00:12 -1025.425356] SLOW spr round 5 (radius: 25)
[00:00:13 -1025.425354] Model parameter optimization (eps = 0.100000)

[00:00:13] ML tree search #2, logLikelihood: -1025.425319

[00:00:13 -4569.865059] Initial branch length optimization
[00:00:13 -2148.011692] Model parameter optimization (eps = 10.000000)
[00:00:14 -1799.896382] AUTODETECT spr round 1 (radius: 5)
[00:00:14 -1414.098172] AUTODETECT spr round 2 (radius: 10)
[00:00:14 -1122.172456] AUTODETECT spr round 3 (radius: 15)
[00:00:15 -1069.451100] AUTODETECT spr round 4 (radius: 20)
[00:00:15 -1064.765607] AUTODETECT spr round 5 (radius: 25)
[00:00:15 -1064.765606] SPR radius for FAST iterations: 20 (autodetect)
[00:00:15 -1064.765606] Model parameter optimization (eps = 3.000000)
[00:00:16 -1054.042045] FAST spr round 1 (radius: 20)
[00:00:16 -1027.465111] FAST spr round 2 (radius: 20)
[00:00:16 -1027.465105] Model parameter optimization (eps = 1.000000)
[00:00:16 -1025.425213] SLOW spr round 1 (radius: 5)
[00:00:17 -1025.424645] SLOW spr round 2 (radius: 10)
[00:00:18 -1025.424123] SLOW spr round 3 (radius: 15)
[00:00:18 -1025.424122] SLOW spr round 4 (radius: 20)
[00:00:19 -1025.424122] SLOW spr round 5 (radius: 25)
[00:00:19 -1025.424122] Model parameter optimization (eps = 0.100000)

[00:00:19] ML tree search #3, logLikelihood: -1025.424121

[00:00:19 -4576.818452] Initial branch length optimization
[00:00:19 -2172.580933] Model parameter optimization (eps = 10.000000)
[00:00:20 -1817.273173] AUTODETECT spr round 1 (radius: 5)
[00:00:20 -1421.026906] AUTODETECT spr round 2 (radius: 10)
[00:00:20 -1108.805087] AUTODETECT spr round 3 (radius: 15)
[00:00:21 -1064.631403] AUTODETECT spr round 4 (radius: 20)
[00:00:21 -1058.624881] AUTODETECT spr round 5 (radius: 25)
[00:00:22 -1058.624859] SPR radius for FAST iterations: 20 (autodetect)
[00:00:22 -1058.624859] Model parameter optimization (eps = 3.000000)
[00:00:22 -1049.476080] FAST spr round 1 (radius: 20)
[00:00:22 -1026.699802] FAST spr round 2 (radius: 20)
[00:00:23 -1026.699245] Model parameter optimization (eps = 1.000000)
[00:00:23 -1025.425435] SLOW spr round 1 (radius: 5)
[00:00:23 -1025.425433] SLOW spr round 2 (radius: 10)
[00:00:24 -1025.425418] SLOW spr round 3 (radius: 15)
[00:00:24 -1025.425416] SLOW spr round 4 (radius: 20)
[00:00:25 -1025.425415] SLOW spr round 5 (radius: 25)
[00:00:26 -1025.425413] Model parameter optimization (eps = 0.100000)

[00:00:26] ML tree search #4, logLikelihood: -1025.425412

[00:00:26 -4566.331427] Initial branch length optimization
[00:00:26 -2146.959556] Model parameter optimization (eps = 10.000000)
[00:00:26 -1807.731978] AUTODETECT spr round 1 (radius: 5)
[00:00:26 -1427.325545] AUTODETECT spr round 2 (radius: 10)
[00:00:27 -1167.592046] AUTODETECT spr round 3 (radius: 15)
[00:00:27 -1114.739782] AUTODETECT spr round 4 (radius: 20)
[00:00:28 -1085.091596] AUTODETECT spr round 5 (radius: 25)
[00:00:28 -1085.091465] SPR radius for FAST iterations: 20 (autodetect)
[00:00:28 -1085.091465] Model parameter optimization (eps = 3.000000)
[00:00:28 -1077.736684] FAST spr round 1 (radius: 20)
[00:00:28 -1030.315019] FAST spr round 2 (radius: 20)
[00:00:29 -1030.315011] Model parameter optimization (eps = 1.000000)
[00:00:29 -1025.424804] SLOW spr round 1 (radius: 5)
[00:00:29 -1025.424804] SLOW spr round 2 (radius: 10)
[00:00:30 -1025.424795] SLOW spr round 3 (radius: 15)
[00:00:31 -1025.424788] SLOW spr round 4 (radius: 20)
[00:00:31 -1025.424788] SLOW spr round 5 (radius: 25)
[00:00:32 -1025.424788] Model parameter optimization (eps = 0.100000)

[00:00:32] ML tree search #5, logLikelihood: -1025.424775

[00:00:32 -4561.673360] Initial branch length optimization
[00:00:32 -2154.737807] Model parameter optimization (eps = 10.000000)
[00:00:33 -1801.790213] AUTODETECT spr round 1 (radius: 5)
[00:00:33 -1399.549333] AUTODETECT spr round 2 (radius: 10)
[00:00:33 -1094.560515] AUTODETECT spr round 3 (radius: 15)
[00:00:34 -1056.854894] AUTODETECT spr round 4 (radius: 20)
[00:00:34 -1050.838603] AUTODETECT spr round 5 (radius: 25)
[00:00:34 -1050.838596] SPR radius for FAST iterations: 20 (autodetect)
[00:00:34 -1050.838596] Model parameter optimization (eps = 3.000000)
[00:00:34 -1042.599865] FAST spr round 1 (radius: 20)
[00:00:35 -1026.544176] FAST spr round 2 (radius: 20)
[00:00:35 -1026.544166] Model parameter optimization (eps = 1.000000)
[00:00:35 -1025.424697] SLOW spr round 1 (radius: 5)
[00:00:36 -1025.424261] SLOW spr round 2 (radius: 10)
[00:00:36 -1025.424154] SLOW spr round 3 (radius: 15)
[00:00:37 -1025.424152] SLOW spr round 4 (radius: 20)
[00:00:37 -1025.424150] SLOW spr round 5 (radius: 25)
[00:00:38 -1025.424148] Model parameter optimization (eps = 0.100000)

[00:00:38] ML tree search #6, logLikelihood: -1025.424146

[00:00:38 -4562.640895] Initial branch length optimization
[00:00:38 -2135.891664] Model parameter optimization (eps = 10.000000)
[00:00:39 -1788.650520] AUTODETECT spr round 1 (radius: 5)
[00:00:39 -1432.942176] AUTODETECT spr round 2 (radius: 10)
[00:00:39 -1211.519146] AUTODETECT spr round 3 (radius: 15)
[00:00:40 -1138.334686] AUTODETECT spr round 4 (radius: 20)
[00:00:40 -1112.809432] AUTODETECT spr round 5 (radius: 25)
[00:00:40 -1112.809295] SPR radius for FAST iterations: 20 (autodetect)
[00:00:40 -1112.809295] Model parameter optimization (eps = 3.000000)
[00:00:41 -1103.777747] FAST spr round 1 (radius: 20)
[00:00:41 -1032.141531] FAST spr round 2 (radius: 20)
[00:00:41 -1032.140428] Model parameter optimization (eps = 1.000000)
[00:00:41 -1025.424207] SLOW spr round 1 (radius: 5)
[00:00:42 -1025.424169] SLOW spr round 2 (radius: 10)
[00:00:43 -1025.424156] SLOW spr round 3 (radius: 15)
[00:00:43 -1025.424156] SLOW spr round 4 (radius: 20)
[00:00:44 -1025.424156] SLOW spr round 5 (radius: 25)
[00:00:45 -1025.424156] Model parameter optimization (eps = 0.100000)

[00:00:45] ML tree search #7, logLikelihood: -1025.424125

[00:00:45 -4585.961740] Initial branch length optimization
[00:00:45 -2186.166463] Model parameter optimization (eps = 10.000000)
[00:00:45 -1830.720379] AUTODETECT spr round 1 (radius: 5)
[00:00:45 -1419.803461] AUTODETECT spr round 2 (radius: 10)
[00:00:46 -1121.268764] AUTODETECT spr round 3 (radius: 15)
[00:00:46 -1061.162020] AUTODETECT spr round 4 (radius: 20)
[00:00:46 -1061.160886] SPR radius for FAST iterations: 15 (autodetect)
[00:00:46 -1061.160886] Model parameter optimization (eps = 3.000000)
[00:00:46 -1052.030285] FAST spr round 1 (radius: 15)
[00:00:47 -1038.898903] FAST spr round 2 (radius: 15)
[00:00:47 -1032.418938] FAST spr round 3 (radius: 15)
[00:00:48 -1032.418938] Model parameter optimization (eps = 1.000000)
[00:00:48 -1031.314476] SLOW spr round 1 (radius: 5)
[00:00:48 -1031.314476] SLOW spr round 2 (radius: 10)
[00:00:49 -1031.314447] SLOW spr round 3 (radius: 15)
[00:00:49 -1031.314322] SLOW spr round 4 (radius: 20)
[00:00:50 -1025.448034] SLOW spr round 5 (radius: 5)
[00:00:51 -1025.448034] SLOW spr round 6 (radius: 10)
[00:00:51 -1025.448034] SLOW spr round 7 (radius: 15)
[00:00:52 -1025.448034] SLOW spr round 8 (radius: 20)
[00:00:52 -1025.448034] SLOW spr round 9 (radius: 25)
[00:00:53 -1025.448034] Model parameter optimization (eps = 0.100000)

[00:00:53] ML tree search #8, logLikelihood: -1025.424162

[00:00:53 -4568.226744] Initial branch length optimization
[00:00:53 -2129.276933] Model parameter optimization (eps = 10.000000)
[00:00:54 -1793.909557] AUTODETECT spr round 1 (radius: 5)
[00:00:54 -1446.954277] AUTODETECT spr round 2 (radius: 10)
[00:00:54 -1185.138385] AUTODETECT spr round 3 (radius: 15)
[00:00:54 -1087.594570] AUTODETECT spr round 4 (radius: 20)
[00:00:55 -1087.594499] SPR radius for FAST iterations: 15 (autodetect)
[00:00:55 -1087.594499] Model parameter optimization (eps = 3.000000)
[00:00:55 -1079.538301] FAST spr round 1 (radius: 15)
[00:00:55 -1029.747664] FAST spr round 2 (radius: 15)
[00:00:56 -1029.747101] Model parameter optimization (eps = 1.000000)
[00:00:56 -1025.425299] SLOW spr round 1 (radius: 5)
[00:00:56 -1025.424787] SLOW spr round 2 (radius: 10)
[00:00:57 -1025.424783] SLOW spr round 3 (radius: 15)
[00:00:58 -1025.424783] SLOW spr round 4 (radius: 20)
[00:00:58 -1025.424783] SLOW spr round 5 (radius: 25)
[00:00:59 -1025.424783] Model parameter optimization (eps = 0.100000)

[00:00:59] ML tree search #9, logLikelihood: -1025.424774

[00:00:59 -4557.674431] Initial branch length optimization
[00:00:59 -2133.881545] Model parameter optimization (eps = 10.000000)
[00:00:59 -1804.387292] AUTODETECT spr round 1 (radius: 5)
[00:01:00 -1372.588537] AUTODETECT spr round 2 (radius: 10)
[00:01:00 -1097.986300] AUTODETECT spr round 3 (radius: 15)
[00:01:00 -1067.425401] AUTODETECT spr round 4 (radius: 20)
[00:01:01 -1056.902402] AUTODETECT spr round 5 (radius: 25)
[00:01:01 -1056.902391] SPR radius for FAST iterations: 20 (autodetect)
[00:01:01 -1056.902391] Model parameter optimization (eps = 3.000000)
[00:01:01 -1047.883169] FAST spr round 1 (radius: 20)
[00:01:02 -1026.493025] FAST spr round 2 (radius: 20)
[00:01:02 -1026.493025] Model parameter optimization (eps = 1.000000)
[00:01:02 -1025.424265] SLOW spr round 1 (radius: 5)
[00:01:03 -1025.424265] SLOW spr round 2 (radius: 10)
[00:01:03 -1025.424265] SLOW spr round 3 (radius: 15)
[00:01:04 -1025.424251] SLOW spr round 4 (radius: 20)
[00:01:04 -1025.424251] SLOW spr round 5 (radius: 25)
[00:01:05 -1025.424251] Model parameter optimization (eps = 0.100000)

[00:01:05] ML tree search #10, logLikelihood: -1025.424249

[00:01:05 -3874.600613] Initial branch length optimization
[00:01:05 -1063.891414] Model parameter optimization (eps = 10.000000)
[00:01:05 -1025.429347] AUTODETECT spr round 1 (radius: 5)
[00:01:06 -1025.429324] SPR radius for FAST iterations: 5 (autodetect)
[00:01:06 -1025.429324] Model parameter optimization (eps = 3.000000)
[00:01:06 -1025.429256] FAST spr round 1 (radius: 5)
[00:01:06 -1025.429256] Model parameter optimization (eps = 1.000000)
[00:01:06 -1025.429256] SLOW spr round 1 (radius: 5)
[00:01:06 -1025.429256] SLOW spr round 2 (radius: 10)
[00:01:07 -1025.429226] SLOW spr round 3 (radius: 15)
[00:01:07 -1025.429226] SLOW spr round 4 (radius: 20)
[00:01:08 -1025.429226] SLOW spr round 5 (radius: 25)
[00:01:08 -1025.429226] Model parameter optimization (eps = 0.100000)

[00:01:08] ML tree search #11, logLikelihood: -1025.429226

[00:01:08 -3874.594922] Initial branch length optimization
[00:01:08 -1063.891310] Model parameter optimization (eps = 10.000000)
[00:01:08 -1025.429336] AUTODETECT spr round 1 (radius: 5)
[00:01:08 -1025.426986] SPR radius for FAST iterations: 5 (autodetect)
[00:01:08 -1025.426986] Model parameter optimization (eps = 3.000000)
[00:01:08 -1025.426918] FAST spr round 1 (radius: 5)
[00:01:09 -1025.426881] Model parameter optimization (eps = 1.000000)
[00:01:09 -1025.426881] SLOW spr round 1 (radius: 5)
[00:01:09 -1025.426869] SLOW spr round 2 (radius: 10)
[00:01:10 -1025.425698] SLOW spr round 3 (radius: 15)
[00:01:10 -1025.425189] SLOW spr round 4 (radius: 20)
[00:01:11 -1025.425177] SLOW spr round 5 (radius: 25)
[00:01:11 -1025.425177] Model parameter optimization (eps = 0.100000)

[00:01:11] ML tree search #12, logLikelihood: -1025.425177

[00:01:11 -3874.603178] Initial branch length optimization
[00:01:11 -1063.891338] Model parameter optimization (eps = 10.000000)
[00:01:11 -1025.429325] AUTODETECT spr round 1 (radius: 5)
[00:01:12 -1025.428783] SPR radius for FAST iterations: 5 (autodetect)
[00:01:12 -1025.428783] Model parameter optimization (eps = 3.000000)
[00:01:12 -1025.428714] FAST spr round 1 (radius: 5)
[00:01:12 -1025.428714] Model parameter optimization (eps = 1.000000)
[00:01:12 -1025.428714] SLOW spr round 1 (radius: 5)
[00:01:12 -1025.428257] SLOW spr round 2 (radius: 10)
[00:01:13 -1025.428255] SLOW spr round 3 (radius: 15)
[00:01:13 -1025.426770] SLOW spr round 4 (radius: 20)
[00:01:14 -1025.425688] SLOW spr round 5 (radius: 25)
[00:01:14 -1025.425687] Model parameter optimization (eps = 0.100000)

[00:01:14] ML tree search #13, logLikelihood: -1025.425686

[00:01:14 -3874.608680] Initial branch length optimization
[00:01:14 -1063.891218] Model parameter optimization (eps = 10.000000)
[00:01:14 -1025.429336] AUTODETECT spr round 1 (radius: 5)
[00:01:15 -1025.428813] SPR radius for FAST iterations: 5 (autodetect)
[00:01:15 -1025.428813] Model parameter optimization (eps = 3.000000)
[00:01:15 -1025.428746] FAST spr round 1 (radius: 5)
[00:01:15 -1025.428186] Model parameter optimization (eps = 1.000000)
[00:01:15 -1025.428186] SLOW spr round 1 (radius: 5)
[00:01:15 -1025.427727] SLOW spr round 2 (radius: 10)
[00:01:16 -1025.426845] SLOW spr round 3 (radius: 15)
[00:01:16 -1025.425577] SLOW spr round 4 (radius: 20)
[00:01:17 -1025.425577] SLOW spr round 5 (radius: 25)
[00:01:17 -1025.425577] Model parameter optimization (eps = 0.100000)

[00:01:17] ML tree search #14, logLikelihood: -1025.425577

[00:01:17 -3874.599562] Initial branch length optimization
[00:01:17 -1063.891243] Model parameter optimization (eps = 10.000000)
[00:01:17 -1025.429340] AUTODETECT spr round 1 (radius: 5)
[00:01:18 -1025.427757] SPR radius for FAST iterations: 5 (autodetect)
[00:01:18 -1025.427757] Model parameter optimization (eps = 3.000000)
[00:01:18 -1025.427690] FAST spr round 1 (radius: 5)
[00:01:18 -1025.427690] Model parameter optimization (eps = 1.000000)
[00:01:18 -1025.427689] SLOW spr round 1 (radius: 5)
[00:01:18 -1025.427689] SLOW spr round 2 (radius: 10)
[00:01:19 -1025.426089] SLOW spr round 3 (radius: 15)
[00:01:19 -1025.425561] SLOW spr round 4 (radius: 20)
[00:01:20 -1025.425561] SLOW spr round 5 (radius: 25)
[00:01:20 -1025.425561] Model parameter optimization (eps = 0.100000)

[00:01:20] ML tree search #15, logLikelihood: -1025.425561

[00:01:20 -3874.602838] Initial branch length optimization
[00:01:20 -1063.891206] Model parameter optimization (eps = 10.000000)
[00:01:21 -1025.429341] AUTODETECT spr round 1 (radius: 5)
[00:01:21 -1025.428290] SPR radius for FAST iterations: 5 (autodetect)
[00:01:21 -1025.428290] Model parameter optimization (eps = 3.000000)
[00:01:21 -1025.428223] FAST spr round 1 (radius: 5)
[00:01:21 -1025.427165] Model parameter optimization (eps = 1.000000)
[00:01:21 -1025.427165] SLOW spr round 1 (radius: 5)
[00:01:22 -1025.426658] SLOW spr round 2 (radius: 10)
[00:01:22 -1025.425052] SLOW spr round 3 (radius: 15)
[00:01:22 -1025.424659] SLOW spr round 4 (radius: 20)
[00:01:23 -1025.424650] SLOW spr round 5 (radius: 25)
[00:01:23 -1025.424650] Model parameter optimization (eps = 0.100000)

[00:01:24] ML tree search #16, logLikelihood: -1025.424650

[00:01:24 -3874.602790] Initial branch length optimization
[00:01:24 -1063.891367] Model parameter optimization (eps = 10.000000)
[00:01:24 -1025.429344] AUTODETECT spr round 1 (radius: 5)
[00:01:24 -1025.428540] SPR radius for FAST iterations: 5 (autodetect)
[00:01:24 -1025.428540] Model parameter optimization (eps = 3.000000)
[00:01:24 -1025.428471] FAST spr round 1 (radius: 5)
[00:01:24 -1025.428471] Model parameter optimization (eps = 1.000000)
[00:01:24 -1025.428471] SLOW spr round 1 (radius: 5)
[00:01:25 -1025.428471] SLOW spr round 2 (radius: 10)
[00:01:25 -1025.428461] SLOW spr round 3 (radius: 15)
[00:01:26 -1025.427939] SLOW spr round 4 (radius: 20)
[00:01:26 -1025.427939] SLOW spr round 5 (radius: 25)
[00:01:26 -1025.427939] Model parameter optimization (eps = 0.100000)

[00:01:26] ML tree search #17, logLikelihood: -1025.427939

[00:01:26 -3874.602767] Initial branch length optimization
[00:01:26 -1063.891446] Model parameter optimization (eps = 10.000000)
[00:01:27 -1025.429340] AUTODETECT spr round 1 (radius: 5)
[00:01:27 -1025.428013] SPR radius for FAST iterations: 5 (autodetect)
[00:01:27 -1025.428013] Model parameter optimization (eps = 3.000000)
[00:01:27 -1025.427945] FAST spr round 1 (radius: 5)
[00:01:27 -1025.427913] Model parameter optimization (eps = 1.000000)
[00:01:27 -1025.427913] SLOW spr round 1 (radius: 5)
[00:01:27 -1025.427913] SLOW spr round 2 (radius: 10)
[00:01:28 -1025.426367] SLOW spr round 3 (radius: 15)
[00:01:28 -1025.425324] SLOW spr round 4 (radius: 20)
[00:01:29 -1025.424257] SLOW spr round 5 (radius: 25)
[00:01:29 -1025.424257] Model parameter optimization (eps = 0.100000)

[00:01:29] ML tree search #18, logLikelihood: -1025.424257

[00:01:29 -3874.593471] Initial branch length optimization
[00:01:29 -1063.891342] Model parameter optimization (eps = 10.000000)
[00:01:30 -1025.429340] AUTODETECT spr round 1 (radius: 5)
[00:01:30 -1025.427762] SPR radius for FAST iterations: 5 (autodetect)
[00:01:30 -1025.427762] Model parameter optimization (eps = 3.000000)
[00:01:30 -1025.427694] FAST spr round 1 (radius: 5)
[00:01:30 -1025.427694] Model parameter optimization (eps = 1.000000)
[00:01:30 -1025.427694] SLOW spr round 1 (radius: 5)
[00:01:30 -1025.427694] SLOW spr round 2 (radius: 10)
[00:01:31 -1025.425077] SLOW spr round 3 (radius: 15)
[00:01:31 -1025.425077] SLOW spr round 4 (radius: 20)
[00:01:32 -1025.425077] SLOW spr round 5 (radius: 25)
[00:01:33 -1025.425077] Model parameter optimization (eps = 0.100000)

[00:01:33] ML tree search #19, logLikelihood: -1025.425077

[00:01:33 -3873.911852] Initial branch length optimization
[00:01:33 -1063.890925] Model parameter optimization (eps = 10.000000)
[00:01:33 -1025.428820] AUTODETECT spr round 1 (radius: 5)
[00:01:33 -1025.428298] SPR radius for FAST iterations: 5 (autodetect)
[00:01:33 -1025.428298] Model parameter optimization (eps = 3.000000)
[00:01:33 -1025.428229] FAST spr round 1 (radius: 5)
[00:01:33 -1025.428229] Model parameter optimization (eps = 1.000000)
[00:01:33 -1025.428228] SLOW spr round 1 (radius: 5)
[00:01:34 -1025.428228] SLOW spr round 2 (radius: 10)
[00:01:34 -1025.428176] SLOW spr round 3 (radius: 15)
[00:01:35 -1025.428172] SLOW spr round 4 (radius: 20)
[00:01:35 -1025.428172] SLOW spr round 5 (radius: 25)
[00:01:35 -1025.428172] Model parameter optimization (eps = 0.100000)

[00:01:36] ML tree search #20, logLikelihood: -1025.428172


Optimized model parameters:

   Partition 0: noname
   Rate heterogeneity: GAMMA (4 cats, mean),  alpha: 99.851984 (ML),  weights&rates: (0.250000,0.875816) (0.250000,0.964711) (0.250000,1.029569) (0.250000,1.129904) 
   Base frequencies (ML): 0.349903 0.195807 0.168318 0.285973 
   Substitution rates (ML): 0.432117 2.502435 0.291559 0.887068 3.155505 1.000000 


Final LogLikelihood: -1025.424121

AIC score: 2682.848241 / AICc score: 3664.926672 / BIC score: 4027.665254
Free parameters (model + branch lengths): 316

Best ML tree saved to: /projects/tallis/aditikg2/tutorials/aditikg2_project/output/Scincella/Scincella_622.phylip.raxml.bestTree
All ML trees saved to: /projects/tallis/aditikg2/tutorials/aditikg2_project/output/Scincella/Scincella_622.phylip.raxml.mlTrees
Optimized model saved to: /projects/tallis/aditikg2/tutorials/aditikg2_project/output/Scincella/Scincella_622.phylip.raxml.bestModel

Execution log saved to: /projects/tallis/aditikg2/tutorials/aditikg2_project/output/Scincella/Scincella_622.phylip.raxml.log

Analysis started: 24-Jul-2019 17:37:57 / finished: 24-Jul-2019 17:39:33

Elapsed time: 96.046 seconds

